# JRE version: 7.0_17-b02
# Java VM: Java HotSpot(TM) Client VM (23.7-b01 mixed mode, sharing windows-x86 )
Heap
 def new generation   total 4864K, used 4034K [0x22af0000, 0x23030000, 0x27af0000)
  eden space 4352K,  82% used [0x22af0000, 0x22e72d60, 0x22f30000)
  from space 512K,  85% used [0x22fb0000, 0x2301dba8, 0x23030000)
  to   space 512K,   0% used [0x22f30000, 0x22f30000, 0x22fb0000)
 tenured generation   total 10656K, used 6392K [0x27af0000, 0x28558000, 0x31af0000)
   the space 10656K,  59% used [0x27af0000, 0x2812e350, 0x2812e400, 0x28558000)
 compacting perm gen  total 12288K, used 9442K [0x31af0000, 0x326f0000, 0x35af0000)
   the space 12288K,  76% used [0x31af0000, 0x32428998, 0x32428a00, 0x326f0000)
    ro space 10240K,  45% used [0x35af0000, 0x35f773d8, 0x35f77400, 0x364f0000)
    rw space 12288K,  54% used [0x364f0000, 0x36b7acc8, 0x36b7ae00, 0x370f0000)
GC Heap History (10 events):
Event: 82.712 GC heap before
{Heap before GC invocations=10 (full 0):
 def new generation   total 4608K, used 3594K [0x22af0000, 0x22fe0000, 0x27af0000)
  eden space 4160K,  75% used [0x22af0000, 0x22e02838, 0x22f00000)
  from space 448K, 100% used [0x22f00000, 0x22f70000, 0x22f70000)
  to   space 448K,   0% used [0x22f70000, 0x22f70000, 0x22fe0000)
 tenured generation   total 10240K, used 9984K [0x27af0000, 0x284f0000, 0x31af0000)
   the space 10240K,  97% used [0x27af0000, 0x284b0030, 0x284b0200, 0x284f0000)
 compacting perm gen  total 12288K, used 9337K [0x31af0000, 0x326f0000, 0x35af0000)
   the space 12288K,  75% used [0x31af0000, 0x3240e728, 0x3240e800, 0x326f0000)
    ro space 10240K,  45% used [0x35af0000, 0x35f773d8, 0x35f77400, 0x364f0000)
    rw space 12288K,  54% used [0x364f0000, 0x36b7acc8, 0x36b7ae00, 0x370f0000)
Event: 82.854 GC heap after
Heap after GC invocations=11 (full 1):
 def new generation   total 4672K, used 0K [0x22af0000, 0x23000000, 0x27af0000)
  eden space 4160K,   0% used [0x22af0000, 0x22af0000, 0x22f00000)
  from space 512K,   0% used [0x22f00000, 0x22f00000, 0x22f80000)
  to   space 512K,   0% used [0x22f80000, 0x22f80000, 0x23000000)
 tenured generation   total 10240K, used 5726K [0x27af0000, 0x284f0000, 0x31af0000)
   the space 10240K,  55% used [0x27af0000, 0x28087af8, 0x28087c00, 0x284f0000)
 compacting perm gen  total 12288K, used 9337K [0x31af0000, 0x326f0000, 0x35af0000)
   the space 12288K,  75% used [0x31af0000, 0x3240e728, 0x3240e800, 0x326f0000)
    ro space 10240K,  45% used [0x35af0000, 0x35f773d8, 0x35f77400, 0x364f0000)
    rw space 12288K,  54% used [0x364f0000, 0x36b7acc8, 0x36b7ae00, 0x370f0000)
}
Event: 108.492 GC heap before
{Heap before GC invocations=11 (full 1):
 def new generation   total 4672K, used 4097K [0x22af0000, 0x23000000, 0x27af0000)
  eden space 4160K,  98% used [0x22af0000, 0x22ef0558, 0x22f00000)
  from space 512K,   0% used [0x22f00000, 0x22f00000, 0x22f80000)
  to   space 512K,   0% used [0x22f80000, 0x22f80000, 0x23000000)
 tenured generation   total 10240K, used 5726K [0x27af0000, 0x284f0000, 0x31af0000)
   the space 10240K,  55% used [0x27af0000, 0x28087af8, 0x28087c00, 0x284f0000)
 compacting perm gen  total 12288K, used 9342K [0x31af0000, 0x326f0000, 0x35af0000)
   the space 12288K,  76% used [0x31af0000, 0x3240f978, 0x3240fa00, 0x326f0000)
    ro space 10240K,  45% used [0x35af0000, 0x35f773d8, 0x35f77400, 0x364f0000)
    rw space 12288K,  54% used [0x364f0000, 0x36b7acc8, 0x36b7ae00, 0x370f0000)
Event: 108.497 GC heap after
Heap after GC invocations=12 (full 1):
 def new generation   total 4672K, used 437K [0x22af0000, 0x23000000, 0x27af0000)
  eden space 4160K,   0% used [0x22af0000, 0x22af0000, 0x22f00000)
  from space 512K,  85% used [0x22f80000, 0x22fed4d8, 0x23000000)
  to   space 512K,   0% used [0x22f00000, 0x22f00000, 0x22f80000)
 tenured generation   total 10240K, used 8440K [0x27af0000, 0x284f0000, 0x31af0000)
   the space 10240K,  82% used [0x27af0000, 0x2832e0e0, 0x2832e200, 0x284f0000)
 compacting perm gen  total 12288K, used 9342K [0x31af0000, 0x326f0000, 0x35af0000)
   the space 12288K,  76% used [0x31af0000, 0x3240f978, 0x3240fa00, 0x326f0000)
    ro space 10240K,  45% used [0x35af0000, 0x35f773d8, 0x35f77400, 0x364f0000)
    rw space 12288K,  54% used [0x364f0000, 0x36b7acc8, 0x36b7ae00, 0x370f0000)
}
Event: 109.225 GC heap before
{Heap before GC invocations=12 (full 1):
 def new generation   total 4672K, used 4597K [0x22af0000, 0x23000000, 0x27af0000)
  eden space 4160K, 100% used [0x22af0000, 0x22f00000, 0x22f00000)
  from space 512K,  85% used [0x22f80000, 0x22fed4d8, 0x23000000)
  to   space 512K,   0% used [0x22f00000, 0x22f00000, 0x22f80000)
 tenured generation   total 10240K, used 8440K [0x27af0000, 0x284f0000, 0x31af0000)
   the space 10240K,  82% used [0x27af0000, 0x2832e0e0, 0x2832e200, 0x284f0000)
 compacting perm gen  total 12288K, used 9346K [0x31af0000, 0x326f0000, 0x35af0000)
   the space 12288K,  76% used [0x31af0000, 0x32410870, 0x32410a00, 0x326f0000)
    ro space 10240K,  45% used [0x35af0000, 0x35f773d8, 0x35f77400, 0x364f0000)
    rw space 12288K,  54% used [0x364f0000, 0x36b7acc8, 0x36b7ae00, 0x370f0000)
Event: 109.232 GC heap after
Heap after GC invocations=13 (full 1):
 def new generation   total 4672K, used 381K [0x22af0000, 0x23000000, 0x27af0000)
  eden space 4160K,   0% used [0x22af0000, 0x22af0000, 0x22f00000)
  from space 512K,  74% used [0x22f00000, 0x22f5f7d8, 0x22f80000)
  to   space 512K,   0% used [0x22f80000, 0x22f80000, 0x23000000)
 tenured generation   total 10240K, used 9958K [0x27af0000, 0x284f0000, 0x31af0000)
   the space 10240K,  97% used [0x27af0000, 0x284a9990, 0x284a9a00, 0x284f0000)
 compacting perm gen  total 12288K, used 9346K [0x31af0000, 0x326f0000, 0x35af0000)
   the space 12288K,  76% used [0x31af0000, 0x32410870, 0x32410a00, 0x326f0000)
    ro space 10240K,  45% used [0x35af0000, 0x35f773d8, 0x35f77400, 0x364f0000)
    rw space 12288K,  54% used [0x364f0000, 0x36b7acc8, 0x36b7ae00, 0x370f0000)
}
Event: 166.856 GC heap before
{Heap before GC invocations=13 (full 1):
 def new generation   total 4672K, used 4541K [0x22af0000, 0x23000000, 0x27af0000)
  eden space 4160K, 100% used [0x22af0000, 0x22f00000, 0x22f00000)
  from space 512K,  74% used [0x22f00000, 0x22f5f7d8, 0x22f80000)
  to   space 512K,   0% used [0x22f80000, 0x22f80000, 0x23000000)
 tenured generation   total 10240K, used 9958K [0x27af0000, 0x284f0000, 0x31af0000)
   the space 10240K,  97% used [0x27af0000, 0x284a9990, 0x284a9a00, 0x284f0000)
 compacting perm gen  total 12288K, used 9368K [0x31af0000, 0x326f0000, 0x35af0000)
   the space 12288K,  76% used [0x31af0000, 0x32416100, 0x32416200, 0x326f0000)
    ro space 10240K,  45% used [0x35af0000, 0x35f773d8, 0x35f77400, 0x364f0000)
    rw space 12288K,  54% used [0x364f0000, 0x36b7acc8, 0x36b7ae00, 0x370f0000)
Event: 166.976 GC heap after
Heap after GC invocations=14 (full 2):
 def new generation   total 4864K, used 0K [0x22af0000, 0x23030000, 0x27af0000)
  eden space 4352K,   0% used [0x22af0000, 0x22af0000, 0x22f30000)
  from space 512K,   0% used [0x22f30000, 0x22f30000, 0x22fb0000)
  to   space 512K,   0% used [0x22fb0000, 0x22fb0000, 0x23030000)
 tenured generation   total 10656K, used 6392K [0x27af0000, 0x28558000, 0x31af0000)
   the space 10656K,  59% used [0x27af0000, 0x2812e350, 0x2812e400, 0x28558000)
 compacting perm gen  total 12288K, used 9368K [0x31af0000, 0x326f0000, 0x35af0000)
   the space 12288K,  76% used [0x31af0000, 0x32416100, 0x32416200, 0x326f0000)
    ro space 10240K,  45% used [0x35af0000, 0x35f773d8, 0x35f77400, 0x364f0000)
    rw space 12288K,  54% used [0x364f0000, 0x36b7acc8, 0x36b7ae00, 0x370f0000)
}
Event: 185.043 GC heap before
{Heap before GC invocations=14 (full 2):
 def new generation   total 4864K, used 4352K [0x22af0000, 0x23030000, 0x27af0000)
  eden space 4352K, 100% used [0x22af0000, 0x22f30000, 0x22f30000)
  from space 512K,   0% used [0x22f30000, 0x22f30000, 0x22fb0000)
  to   space 512K,   0% used [0x22fb0000, 0x22fb0000, 0x23030000)
 tenured generation   total 10656K, used 6392K [0x27af0000, 0x28558000, 0x31af0000)
   the space 10656K,  59% used [0x27af0000, 0x2812e350, 0x2812e400, 0x28558000)
 compacting perm gen  total 12288K, used 9372K [0x31af0000, 0x326f0000, 0x35af0000)
   the space 12288K,  76% used [0x31af0000, 0x32417018, 0x32417200, 0x326f0000)
    ro space 10240K,  45% used [0x35af0000, 0x35f773d8, 0x35f77400, 0x364f0000)
    rw space 12288K,  54% used [0x364f0000, 0x36b7acc8, 0x36b7ae00, 0x370f0000)
Event: 185.050 GC heap after
Heap after GC invocations=15 (full 2):
 def new generation   total 4864K, used 438K [0x22af0000, 0x23030000, 0x27af0000)
  eden space 4352K,   0% used [0x22af0000, 0x22af0000, 0x22f30000)
  from space 512K,  85% used [0x22fb0000, 0x2301dba8, 0x23030000)
  to   space 512K,   0% used [0x22f30000, 0x22f30000, 0x22fb0000)
 tenured generation   total 10656K, used 6392K [0x27af0000, 0x28558000, 0x31af0000)
   the space 10656K,  59% used [0x27af0000, 0x2812e350, 0x2812e400, 0x28558000)
 compacting perm gen  total 12288K, used 9372K [0x31af0000, 0x326f0000, 0x35af0000)
   the space 12288K,  76% used [0x31af0000, 0x32417018, 0x32417200, 0x326f0000)
    ro space 10240K,  45% used [0x35af0000, 0x35f773d8, 0x35f77400, 0x364f0000)
    rw space 12288K,  54% used [0x364f0000, 0x36b7acc8, 0x36b7ae00, 0x370f0000)
}

