# JRE version: 7.0_17-b02
# Java VM: Java HotSpot(TM) Client VM (23.7-b01 mixed mode, sharing windows-x86 )
Heap
 def new generation   total 4736K, used 2889K [0x22af0000, 0x23010000, 0x27af0000)
  eden space 4224K,  56% used [0x22af0000, 0x22d42720, 0x22f10000)
  from space 512K, 100% used [0x22f10000, 0x22f90000, 0x22f90000)
  to   space 512K,   0% used [0x22f90000, 0x22f90000, 0x23010000)
 tenured generation   total 10388K, used 6981K [0x27af0000, 0x28515000, 0x31af0000)
   the space 10388K,  67% used [0x27af0000, 0x281c1458, 0x281c1600, 0x28515000)
 compacting perm gen  total 12288K, used 9567K [0x31af0000, 0x326f0000, 0x35af0000)
   the space 12288K,  77% used [0x31af0000, 0x32447dd0, 0x32447e00, 0x326f0000)
    ro space 10240K,  45% used [0x35af0000, 0x35f773d8, 0x35f77400, 0x364f0000)
    rw space 12288K,  54% used [0x364f0000, 0x36b7acc8, 0x36b7ae00, 0x370f0000)
GC Heap History (10 events):
Event: 26.130 GC heap before
{Heap before GC invocations=8 (full 0):
 def new generation   total 4608K, used 4577K [0x22af0000, 0x22fe0000, 0x27af0000)
  eden space 4160K,  99% used [0x22af0000, 0x22ef8670, 0x22f00000)
  from space 448K,  99% used [0x22f00000, 0x22f6fff8, 0x22f70000)
  to   space 448K,   0% used [0x22f70000, 0x22f70000, 0x22fe0000)
 tenured generation   total 10240K, used 8808K [0x27af0000, 0x284f0000, 0x31af0000)
   the space 10240K,  86% used [0x27af0000, 0x2838a1f8, 0x2838a200, 0x284f0000)
 compacting perm gen  total 12288K, used 8156K [0x31af0000, 0x326f0000, 0x35af0000)
   the space 12288K,  66% used [0x31af0000, 0x322e7230, 0x322e7400, 0x326f0000)
    ro space 10240K,  45% used [0x35af0000, 0x35f773d8, 0x35f77400, 0x364f0000)
    rw space 12288K,  54% used [0x364f0000, 0x36b7acc8, 0x36b7ae00, 0x370f0000)
Event: 26.139 GC heap after
Heap after GC invocations=9 (full 0):
 def new generation   total 4608K, used 448K [0x22af0000, 0x22fe0000, 0x27af0000)
  eden space 4160K,   0% used [0x22af0000, 0x22af0000, 0x22f00000)
  from space 448K, 100% used [0x22f70000, 0x22fe0000, 0x22fe0000)
  to   space 448K,   0% used [0x22f00000, 0x22f00000, 0x22f70000)
 tenured generation   total 10240K, used 9268K [0x27af0000, 0x284f0000, 0x31af0000)
   the space 10240K,  90% used [0x27af0000, 0x283fd020, 0x283fd200, 0x284f0000)
 compacting perm gen  total 12288K, used 8156K [0x31af0000, 0x326f0000, 0x35af0000)
   the space 12288K,  66% used [0x31af0000, 0x322e7230, 0x322e7400, 0x326f0000)
    ro space 10240K,  45% used [0x35af0000, 0x35f773d8, 0x35f77400, 0x364f0000)
    rw space 12288K,  54% used [0x364f0000, 0x36b7acc8, 0x36b7ae00, 0x370f0000)
}
Event: 26.587 GC heap before
{Heap before GC invocations=9 (full 0):
 def new generation   total 4608K, used 4608K [0x22af0000, 0x22fe0000, 0x27af0000)
  eden space 4160K, 100% used [0x22af0000, 0x22f00000, 0x22f00000)
  from space 448K, 100% used [0x22f70000, 0x22fe0000, 0x22fe0000)
  to   space 448K,   0% used [0x22f00000, 0x22f00000, 0x22f70000)
 tenured generation   total 10240K, used 9268K [0x27af0000, 0x284f0000, 0x31af0000)
   the space 10240K,  90% used [0x27af0000, 0x283fd020, 0x283fd200, 0x284f0000)
 compacting perm gen  total 12288K, used 8840K [0x31af0000, 0x326f0000, 0x35af0000)
   the space 12288K,  71% used [0x31af0000, 0x32392270, 0x32392400, 0x326f0000)
    ro space 10240K,  45% used [0x35af0000, 0x35f773d8, 0x35f77400, 0x364f0000)
    rw space 12288K,  54% used [0x364f0000, 0x36b7acc8, 0x36b7ae00, 0x370f0000)
Event: 26.597 GC heap after
Heap after GC invocations=10 (full 0):
 def new generation   total 4608K, used 447K [0x22af0000, 0x22fe0000, 0x27af0000)
  eden space 4160K,   0% used [0x22af0000, 0x22af0000, 0x22f00000)
  from space 448K,  99% used [0x22f00000, 0x22f6fff8, 0x22f70000)
  to   space 448K,   0% used [0x22f70000, 0x22f70000, 0x22fe0000)
 tenured generation   total 10240K, used 10009K [0x27af0000, 0x284f0000, 0x31af0000)
   the space 10240K,  97% used [0x27af0000, 0x284b64c0, 0x284b6600, 0x284f0000)
 compacting perm gen  total 12288K, used 8840K [0x31af0000, 0x326f0000, 0x35af0000)
   the space 12288K,  71% used [0x31af0000, 0x32392270, 0x32392400, 0x326f0000)
    ro space 10240K,  45% used [0x35af0000, 0x35f773d8, 0x35f77400, 0x364f0000)
    rw space 12288K,  54% used [0x364f0000, 0x36b7acc8, 0x36b7ae00, 0x370f0000)
}
Event: 55.582 GC heap before
{Heap before GC invocations=10 (full 0):
 def new generation   total 4608K, used 4527K [0x22af0000, 0x22fe0000, 0x27af0000)
  eden space 4160K,  98% used [0x22af0000, 0x22eebc38, 0x22f00000)
  from space 448K,  99% used [0x22f00000, 0x22f6fff8, 0x22f70000)
  to   space 448K,   0% used [0x22f70000, 0x22f70000, 0x22fe0000)
 tenured generation   total 10240K, used 10009K [0x27af0000, 0x284f0000, 0x31af0000)
   the space 10240K,  97% used [0x27af0000, 0x284b64c0, 0x284b6600, 0x284f0000)
 compacting perm gen  total 12288K, used 9353K [0x31af0000, 0x326f0000, 0x35af0000)
   the space 12288K,  76% used [0x31af0000, 0x32412710, 0x32412800, 0x326f0000)
    ro space 10240K,  45% used [0x35af0000, 0x35f773d8, 0x35f77400, 0x364f0000)
    rw space 12288K,  54% used [0x364f0000, 0x36b7acc8, 0x36b7ae00, 0x370f0000)
Event: 55.711 GC heap after
Heap after GC invocations=11 (full 1):
 def new generation   total 4736K, used 0K [0x22af0000, 0x23010000, 0x27af0000)
  eden space 4224K,   0% used [0x22af0000, 0x22af0000, 0x22f10000)
  from space 512K,   0% used [0x22f10000, 0x22f10000, 0x22f90000)
  to   space 512K,   0% used [0x22f90000, 0x22f90000, 0x23010000)
 tenured generation   total 10388K, used 6230K [0x27af0000, 0x28515000, 0x31af0000)
   the space 10388K,  59% used [0x27af0000, 0x28105a30, 0x28105c00, 0x28515000)
 compacting perm gen  total 12288K, used 9353K [0x31af0000, 0x326f0000, 0x35af0000)
   the space 12288K,  76% used [0x31af0000, 0x32412710, 0x32412800, 0x326f0000)
    ro space 10240K,  45% used [0x35af0000, 0x35f773d8, 0x35f77400, 0x364f0000)
    rw space 12288K,  54% used [0x364f0000, 0x36b7acc8, 0x36b7ae00, 0x370f0000)
}
Event: 86.697 GC heap before
{Heap before GC invocations=11 (full 1):
 def new generation   total 4736K, used 4224K [0x22af0000, 0x23010000, 0x27af0000)
  eden space 4224K, 100% used [0x22af0000, 0x22f10000, 0x22f10000)
  from space 512K,   0% used [0x22f10000, 0x22f10000, 0x22f90000)
  to   space 512K,   0% used [0x22f90000, 0x22f90000, 0x23010000)
 tenured generation   total 10388K, used 6230K [0x27af0000, 0x28515000, 0x31af0000)
   the space 10388K,  59% used [0x27af0000, 0x28105a30, 0x28105c00, 0x28515000)
 compacting perm gen  total 12288K, used 9358K [0x31af0000, 0x326f0000, 0x35af0000)
   the space 12288K,  76% used [0x31af0000, 0x324138e8, 0x32413a00, 0x326f0000)
    ro space 10240K,  45% used [0x35af0000, 0x35f773d8, 0x35f77400, 0x364f0000)
    rw space 12288K,  54% used [0x364f0000, 0x36b7acc8, 0x36b7ae00, 0x370f0000)
Event: 86.705 GC heap after
Heap after GC invocations=12 (full 1):
 def new generation   total 4736K, used 511K [0x22af0000, 0x23010000, 0x27af0000)
  eden space 4224K,   0% used [0x22af0000, 0x22af0000, 0x22f10000)
  from space 512K,  99% used [0x22f90000, 0x2300fc60, 0x23010000)
  to   space 512K,   0% used [0x22f10000, 0x22f10000, 0x22f90000)
 tenured generation   total 10388K, used 6345K [0x27af0000, 0x28515000, 0x31af0000)
   the space 10388K,  61% used [0x27af0000, 0x28122438, 0x28122600, 0x28515000)
 compacting perm gen  total 12288K, used 9358K [0x31af0000, 0x326f0000, 0x35af0000)
   the space 12288K,  76% used [0x31af0000, 0x324138e8, 0x32413a00, 0x326f0000)
    ro space 10240K,  45% used [0x35af0000, 0x35f773d8, 0x35f77400, 0x364f0000)
    rw space 12288K,  54% used [0x364f0000, 0x36b7acc8, 0x36b7ae00, 0x370f0000)
}
Event: 88.083 GC heap before
{Heap before GC invocations=12 (full 1):
 def new generation   total 4736K, used 4735K [0x22af0000, 0x23010000, 0x27af0000)
  eden space 4224K, 100% used [0x22af0000, 0x22f10000, 0x22f10000)
  from space 512K,  99% used [0x22f90000, 0x2300fc60, 0x23010000)
  to   space 512K,   0% used [0x22f10000, 0x22f10000, 0x22f90000)
 tenured generation   total 10388K, used 6345K [0x27af0000, 0x28515000, 0x31af0000)
   the space 10388K,  61% used [0x27af0000, 0x28122438, 0x28122600, 0x28515000)
 compacting perm gen  total 12288K, used 9522K [0x31af0000, 0x326f0000, 0x35af0000)
   the space 12288K,  77% used [0x31af0000, 0x3243c988, 0x3243ca00, 0x326f0000)
    ro space 10240K,  45% used [0x35af0000, 0x35f773d8, 0x35f77400, 0x364f0000)
    rw space 12288K,  54% used [0x364f0000, 0x36b7acc8, 0x36b7ae00, 0x370f0000)
Event: 88.090 GC heap after
Heap after GC invocations=13 (full 1):
 def new generation   total 4736K, used 512K [0x22af0000, 0x23010000, 0x27af0000)
  eden space 4224K,   0% used [0x22af0000, 0x22af0000, 0x22f10000)
  from space 512K, 100% used [0x22f10000, 0x22f90000, 0x22f90000)
  to   space 512K,   0% used [0x22f90000, 0x22f90000, 0x23010000)
 tenured generation   total 10388K, used 6981K [0x27af0000, 0x28515000, 0x31af0000)
   the space 10388K,  67% used [0x27af0000, 0x281c1458, 0x281c1600, 0x28515000)
 compacting perm gen  total 12288K, used 9522K [0x31af0000, 0x326f0000, 0x35af0000)
   the space 12288K,  77% used [0x31af0000, 0x3243c988, 0x3243ca00, 0x326f0000)
    ro space 10240K,  45% used [0x35af0000, 0x35f773d8, 0x35f77400, 0x364f0000)
    rw space 12288K,  54% used [0x364f0000, 0x36b7acc8, 0x36b7ae00, 0x370f0000)
}

