# JRE version: 7.0_17-b02
# Java VM: Java HotSpot(TM) Client VM (23.7-b01 mixed mode, sharing windows-x86 )
Heap
 def new generation   total 4608K, used 4117K [0x22af0000, 0x22fe0000, 0x27af0000)
  eden space 4160K,  88% used [0x22af0000, 0x22e856e0, 0x22f00000)
  from space 448K, 100% used [0x22f00000, 0x22f70000, 0x22f70000)
  to   space 448K,   0% used [0x22f70000, 0x22f70000, 0x22fe0000)
 tenured generation   total 10240K, used 7003K [0x27af0000, 0x284f0000, 0x31af0000)
   the space 10240K,  68% used [0x27af0000, 0x281c6ef8, 0x281c7000, 0x284f0000)
 compacting perm gen  total 12288K, used 6441K [0x31af0000, 0x326f0000, 0x35af0000)
   the space 12288K,  52% used [0x31af0000, 0x3213a4c0, 0x3213a600, 0x326f0000)
    ro space 10240K,  45% used [0x35af0000, 0x35f773d8, 0x35f77400, 0x364f0000)
    rw space 12288K,  54% used [0x364f0000, 0x36b7acc8, 0x36b7ae00, 0x370f0000)
GC Heap History (10 events):
Event: 14.698 GC heap before
{Heap before GC invocations=1 (full 0):
 def new generation   total 4608K, used 4608K [0x22af0000, 0x22fe0000, 0x27af0000)
  eden space 4160K, 100% used [0x22af0000, 0x22f00000, 0x22f00000)
  from space 448K, 100% used [0x22f70000, 0x22fe0000, 0x22fe0000)
  to   space 448K,   0% used [0x22f00000, 0x22f00000, 0x22f70000)
 tenured generation   total 10240K, used 2209K [0x27af0000, 0x284f0000, 0x31af0000)
   the space 10240K,  21% used [0x27af0000, 0x27d18640, 0x27d18800, 0x284f0000)
 compacting perm gen  total 12288K, used 1500K [0x31af0000, 0x326f0000, 0x35af0000)
   the space 12288K,  12% used [0x31af0000, 0x31c67100, 0x31c67200, 0x326f0000)
    ro space 10240K,  45% used [0x35af0000, 0x35f773d8, 0x35f77400, 0x364f0000)
    rw space 12288K,  54% used [0x364f0000, 0x36b7acc8, 0x36b7ae00, 0x370f0000)
Event: 14.714 GC heap after
Heap after GC invocations=2 (full 0):
 def new generation   total 4608K, used 448K [0x22af0000, 0x22fe0000, 0x27af0000)
  eden space 4160K,   0% used [0x22af0000, 0x22af0000, 0x22f00000)
  from space 448K, 100% used [0x22f00000, 0x22f70000, 0x22f70000)
  to   space 448K,   0% used [0x22f70000, 0x22f70000, 0x22fe0000)
 tenured generation   total 10240K, used 4317K [0x27af0000, 0x284f0000, 0x31af0000)
   the space 10240K,  42% used [0x27af0000, 0x27f274f8, 0x27f27600, 0x284f0000)
 compacting perm gen  total 12288K, used 1500K [0x31af0000, 0x326f0000, 0x35af0000)
   the space 12288K,  12% used [0x31af0000, 0x31c67100, 0x31c67200, 0x326f0000)
    ro space 10240K,  45% used [0x35af0000, 0x35f773d8, 0x35f77400, 0x364f0000)
    rw space 12288K,  54% used [0x364f0000, 0x36b7acc8, 0x36b7ae00, 0x370f0000)
}
Event: 15.818 GC heap before
{Heap before GC invocations=2 (full 0):
 def new generation   total 4608K, used 4608K [0x22af0000, 0x22fe0000, 0x27af0000)
  eden space 4160K, 100% used [0x22af0000, 0x22f00000, 0x22f00000)
  from space 448K, 100% used [0x22f00000, 0x22f70000, 0x22f70000)
  to   space 448K,   0% used [0x22f70000, 0x22f70000, 0x22fe0000)
 tenured generation   total 10240K, used 4317K [0x27af0000, 0x284f0000, 0x31af0000)
   the space 10240K,  42% used [0x27af0000, 0x27f274f8, 0x27f27600, 0x284f0000)
 compacting perm gen  total 12288K, used 3807K [0x31af0000, 0x326f0000, 0x35af0000)
   the space 12288K,  30% used [0x31af0000, 0x31ea7d80, 0x31ea7e00, 0x326f0000)
    ro space 10240K,  45% used [0x35af0000, 0x35f773d8, 0x35f77400, 0x364f0000)
    rw space 12288K,  54% used [0x364f0000, 0x36b7acc8, 0x36b7ae00, 0x370f0000)
Event: 15.830 GC heap after
Heap after GC invocations=3 (full 0):
 def new generation   total 4608K, used 448K [0x22af0000, 0x22fe0000, 0x27af0000)
  eden space 4160K,   0% used [0x22af0000, 0x22af0000, 0x22f00000)
  from space 448K, 100% used [0x22f70000, 0x22fe0000, 0x22fe0000)
  to   space 448K,   0% used [0x22f00000, 0x22f00000, 0x22f70000)
 tenured generation   total 10240K, used 5122K [0x27af0000, 0x284f0000, 0x31af0000)
   the space 10240K,  50% used [0x27af0000, 0x27ff0a20, 0x27ff0c00, 0x284f0000)
 compacting perm gen  total 12288K, used 3807K [0x31af0000, 0x326f0000, 0x35af0000)
   the space 12288K,  30% used [0x31af0000, 0x31ea7d80, 0x31ea7e00, 0x326f0000)
    ro space 10240K,  45% used [0x35af0000, 0x35f773d8, 0x35f77400, 0x364f0000)
    rw space 12288K,  54% used [0x364f0000, 0x36b7acc8, 0x36b7ae00, 0x370f0000)
}
Event: 16.312 GC heap before
{Heap before GC invocations=3 (full 0):
 def new generation   total 4608K, used 4608K [0x22af0000, 0x22fe0000, 0x27af0000)
  eden space 4160K, 100% used [0x22af0000, 0x22f00000, 0x22f00000)
  from space 448K, 100% used [0x22f70000, 0x22fe0000, 0x22fe0000)
  to   space 448K,   0% used [0x22f00000, 0x22f00000, 0x22f70000)
 tenured generation   total 10240K, used 5122K [0x27af0000, 0x284f0000, 0x31af0000)
   the space 10240K,  50% used [0x27af0000, 0x27ff0a20, 0x27ff0c00, 0x284f0000)
 compacting perm gen  total 12288K, used 4511K [0x31af0000, 0x326f0000, 0x35af0000)
   the space 12288K,  36% used [0x31af0000, 0x31f57e90, 0x31f58000, 0x326f0000)
    ro space 10240K,  45% used [0x35af0000, 0x35f773d8, 0x35f77400, 0x364f0000)
    rw space 12288K,  54% used [0x364f0000, 0x36b7acc8, 0x36b7ae00, 0x370f0000)
Event: 16.324 GC heap after
Heap after GC invocations=4 (full 0):
 def new generation   total 4608K, used 448K [0x22af0000, 0x22fe0000, 0x27af0000)
  eden space 4160K,   0% used [0x22af0000, 0x22af0000, 0x22f00000)
  from space 448K, 100% used [0x22f00000, 0x22f70000, 0x22f70000)
  to   space 448K,   0% used [0x22f70000, 0x22f70000, 0x22fe0000)
 tenured generation   total 10240K, used 5761K [0x27af0000, 0x284f0000, 0x31af0000)
   the space 10240K,  56% used [0x27af0000, 0x280904a8, 0x28090600, 0x284f0000)
 compacting perm gen  total 12288K, used 4511K [0x31af0000, 0x326f0000, 0x35af0000)
   the space 12288K,  36% used [0x31af0000, 0x31f57e90, 0x31f58000, 0x326f0000)
    ro space 10240K,  45% used [0x35af0000, 0x35f773d8, 0x35f77400, 0x364f0000)
    rw space 12288K,  54% used [0x364f0000, 0x36b7acc8, 0x36b7ae00, 0x370f0000)
}
Event: 16.892 GC heap before
{Heap before GC invocations=4 (full 0):
 def new generation   total 4608K, used 4608K [0x22af0000, 0x22fe0000, 0x27af0000)
  eden space 4160K, 100% used [0x22af0000, 0x22f00000, 0x22f00000)
  from space 448K, 100% used [0x22f00000, 0x22f70000, 0x22f70000)
  to   space 448K,   0% used [0x22f70000, 0x22f70000, 0x22fe0000)
 tenured generation   total 10240K, used 5761K [0x27af0000, 0x284f0000, 0x31af0000)
   the space 10240K,  56% used [0x27af0000, 0x280904a8, 0x28090600, 0x284f0000)
 compacting perm gen  total 12288K, used 5040K [0x31af0000, 0x326f0000, 0x35af0000)
   the space 12288K,  41% used [0x31af0000, 0x31fdc098, 0x31fdc200, 0x326f0000)
    ro space 10240K,  45% used [0x35af0000, 0x35f773d8, 0x35f77400, 0x364f0000)
    rw space 12288K,  54% used [0x364f0000, 0x36b7acc8, 0x36b7ae00, 0x370f0000)
Event: 16.902 GC heap after
Heap after GC invocations=5 (full 0):
 def new generation   total 4608K, used 447K [0x22af0000, 0x22fe0000, 0x27af0000)
  eden space 4160K,   0% used [0x22af0000, 0x22af0000, 0x22f00000)
  from space 448K,  99% used [0x22f70000, 0x22fdfff8, 0x22fe0000)
  to   space 448K,   0% used [0x22f00000, 0x22f00000, 0x22f70000)
 tenured generation   total 10240K, used 6132K [0x27af0000, 0x284f0000, 0x31af0000)
   the space 10240K,  59% used [0x27af0000, 0x280ed228, 0x280ed400, 0x284f0000)
 compacting perm gen  total 12288K, used 5040K [0x31af0000, 0x326f0000, 0x35af0000)
   the space 12288K,  41% used [0x31af0000, 0x31fdc098, 0x31fdc200, 0x326f0000)
    ro space 10240K,  45% used [0x35af0000, 0x35f773d8, 0x35f77400, 0x364f0000)
    rw space 12288K,  54% used [0x364f0000, 0x36b7acc8, 0x36b7ae00, 0x370f0000)
}
Event: 17.492 GC heap before
{Heap before GC invocations=5 (full 0):
 def new generation   total 4608K, used 4601K [0x22af0000, 0x22fe0000, 0x27af0000)
  eden space 4160K,  99% used [0x22af0000, 0x22efe620, 0x22f00000)
  from space 448K,  99% used [0x22f70000, 0x22fdfff8, 0x22fe0000)
  to   space 448K,   0% used [0x22f00000, 0x22f00000, 0x22f70000)
 tenured generation   total 10240K, used 6132K [0x27af0000, 0x284f0000, 0x31af0000)
   the space 10240K,  59% used [0x27af0000, 0x280ed228, 0x280ed400, 0x284f0000)
 compacting perm gen  total 12288K, used 6003K [0x31af0000, 0x326f0000, 0x35af0000)
   the space 12288K,  48% used [0x31af0000, 0x320ccd38, 0x320cce00, 0x326f0000)
    ro space 10240K,  45% used [0x35af0000, 0x35f773d8, 0x35f77400, 0x364f0000)
    rw space 12288K,  54% used [0x364f0000, 0x36b7acc8, 0x36b7ae00, 0x370f0000)
Event: 17.503 GC heap after
Heap after GC invocations=6 (full 0):
 def new generation   total 4608K, used 448K [0x22af0000, 0x22fe0000, 0x27af0000)
  eden space 4160K,   0% used [0x22af0000, 0x22af0000, 0x22f00000)
  from space 448K, 100% used [0x22f00000, 0x22f70000, 0x22f70000)
  to   space 448K,   0% used [0x22f70000, 0x22f70000, 0x22fe0000)
 tenured generation   total 10240K, used 7003K [0x27af0000, 0x284f0000, 0x31af0000)
   the space 10240K,  68% used [0x27af0000, 0x281c6ef8, 0x281c7000, 0x284f0000)
 compacting perm gen  total 12288K, used 6003K [0x31af0000, 0x326f0000, 0x35af0000)
   the space 12288K,  48% used [0x31af0000, 0x320ccd38, 0x320cce00, 0x326f0000)
    ro space 10240K,  45% used [0x35af0000, 0x35f773d8, 0x35f77400, 0x364f0000)
    rw space 12288K,  54% used [0x364f0000, 0x36b7acc8, 0x36b7ae00, 0x370f0000)
}

