# JRE version: 7.0_17-b02
# Java VM: Java HotSpot(TM) Client VM (23.7-b01 mixed mode, sharing windows-x86 )
Heap
 def new generation   total 5120K, used 3039K [0x22af0000, 0x23070000, 0x27af0000)
  eden space 4608K,  55% used [0x22af0000, 0x22d6ad78, 0x22f70000)
  from space 512K,  97% used [0x22f70000, 0x22fecef0, 0x22ff0000)
  to   space 512K,   0% used [0x22ff0000, 0x22ff0000, 0x23070000)
 tenured generation   total 11148K, used 8413K [0x27af0000, 0x285d3000, 0x31af0000)
   the space 11148K,  75% used [0x27af0000, 0x28327748, 0x28327800, 0x285d3000)
 compacting perm gen  total 12288K, used 9361K [0x31af0000, 0x326f0000, 0x35af0000)
   the space 12288K,  76% used [0x31af0000, 0x324147a0, 0x32414800, 0x326f0000)
    ro space 10240K,  45% used [0x35af0000, 0x35f773d8, 0x35f77400, 0x364f0000)
    rw space 12288K,  54% used [0x364f0000, 0x36b7acc8, 0x36b7ae00, 0x370f0000)
GC Heap History (10 events):
Event: 52.738 GC heap before
{Heap before GC invocations=13 (full 1):
 def new generation   total 4672K, used 4598K [0x22af0000, 0x23000000, 0x27af0000)
  eden space 4160K,  98% used [0x22af0000, 0x22eed9c8, 0x22f00000)
  from space 512K, 100% used [0x22f00000, 0x22f80000, 0x22f80000)
  to   space 512K,   0% used [0x22f80000, 0x22f80000, 0x23000000)
 tenured generation   total 10240K, used 7928K [0x27af0000, 0x284f0000, 0x31af0000)
   the space 10240K,  77% used [0x27af0000, 0x282ae128, 0x282ae200, 0x284f0000)
 compacting perm gen  total 12288K, used 9345K [0x31af0000, 0x326f0000, 0x35af0000)
   the space 12288K,  76% used [0x31af0000, 0x32410670, 0x32410800, 0x326f0000)
    ro space 10240K,  45% used [0x35af0000, 0x35f773d8, 0x35f77400, 0x364f0000)
    rw space 12288K,  54% used [0x364f0000, 0x36b7acc8, 0x36b7ae00, 0x370f0000)
Event: 52.743 GC heap after
Heap after GC invocations=14 (full 1):
 def new generation   total 4672K, used 470K [0x22af0000, 0x23000000, 0x27af0000)
  eden space 4160K,   0% used [0x22af0000, 0x22af0000, 0x22f00000)
  from space 512K,  91% used [0x22f80000, 0x22ff5a98, 0x23000000)
  to   space 512K,   0% used [0x22f00000, 0x22f00000, 0x22f80000)
 tenured generation   total 10240K, used 8412K [0x27af0000, 0x284f0000, 0x31af0000)
   the space 10240K,  82% used [0x27af0000, 0x28327330, 0x28327400, 0x284f0000)
 compacting perm gen  total 12288K, used 9345K [0x31af0000, 0x326f0000, 0x35af0000)
   the space 12288K,  76% used [0x31af0000, 0x32410670, 0x32410800, 0x326f0000)
    ro space 10240K,  45% used [0x35af0000, 0x35f773d8, 0x35f77400, 0x364f0000)
    rw space 12288K,  54% used [0x364f0000, 0x36b7acc8, 0x36b7ae00, 0x370f0000)
}
Event: 53.434 GC heap before
{Heap before GC invocations=14 (full 1):
 def new generation   total 4672K, used 4630K [0x22af0000, 0x23000000, 0x27af0000)
  eden space 4160K, 100% used [0x22af0000, 0x22f00000, 0x22f00000)
  from space 512K,  91% used [0x22f80000, 0x22ff5a98, 0x23000000)
  to   space 512K,   0% used [0x22f00000, 0x22f00000, 0x22f80000)
 tenured generation   total 10240K, used 8412K [0x27af0000, 0x284f0000, 0x31af0000)
   the space 10240K,  82% used [0x27af0000, 0x28327330, 0x28327400, 0x284f0000)
 compacting perm gen  total 12288K, used 9347K [0x31af0000, 0x326f0000, 0x35af0000)
   the space 12288K,  76% used [0x31af0000, 0x32410f00, 0x32411000, 0x326f0000)
    ro space 10240K,  45% used [0x35af0000, 0x35f773d8, 0x35f77400, 0x364f0000)
    rw space 12288K,  54% used [0x364f0000, 0x36b7acc8, 0x36b7ae00, 0x370f0000)
Event: 53.441 GC heap after
Heap after GC invocations=15 (full 1):
 def new generation   total 4672K, used 395K [0x22af0000, 0x23000000, 0x27af0000)
  eden space 4160K,   0% used [0x22af0000, 0x22af0000, 0x22f00000)
  from space 512K,  77% used [0x22f00000, 0x22f62ed8, 0x22f80000)
  to   space 512K,   0% used [0x22f80000, 0x22f80000, 0x23000000)
 tenured generation   total 10240K, used 9963K [0x27af0000, 0x284f0000, 0x31af0000)
   the space 10240K,  97% used [0x27af0000, 0x284aac40, 0x284aae00, 0x284f0000)
 compacting perm gen  total 12288K, used 9347K [0x31af0000, 0x326f0000, 0x35af0000)
   the space 12288K,  76% used [0x31af0000, 0x32410f00, 0x32411000, 0x326f0000)
    ro space 10240K,  45% used [0x35af0000, 0x35f773d8, 0x35f77400, 0x364f0000)
    rw space 12288K,  54% used [0x364f0000, 0x36b7acc8, 0x36b7ae00, 0x370f0000)
}
Event: 65.984 GC heap before
{Heap before GC invocations=15 (full 1):
 def new generation   total 4672K, used 4555K [0x22af0000, 0x23000000, 0x27af0000)
  eden space 4160K, 100% used [0x22af0000, 0x22f00000, 0x22f00000)
  from space 512K,  77% used [0x22f00000, 0x22f62ed8, 0x22f80000)
  to   space 512K,   0% used [0x22f80000, 0x22f80000, 0x23000000)
 tenured generation   total 10240K, used 9963K [0x27af0000, 0x284f0000, 0x31af0000)
   the space 10240K,  97% used [0x27af0000, 0x284aac40, 0x284aae00, 0x284f0000)
 compacting perm gen  total 12288K, used 9354K [0x31af0000, 0x326f0000, 0x35af0000)
   the space 12288K,  76% used [0x31af0000, 0x324129c8, 0x32412a00, 0x326f0000)
    ro space 10240K,  45% used [0x35af0000, 0x35f773d8, 0x35f77400, 0x364f0000)
    rw space 12288K,  54% used [0x364f0000, 0x36b7acc8, 0x36b7ae00, 0x370f0000)
Event: 66.097 GC heap after
Heap after GC invocations=16 (full 2):
 def new generation   total 5120K, used 0K [0x22af0000, 0x23070000, 0x27af0000)
  eden space 4608K,   0% used [0x22af0000, 0x22af0000, 0x22f70000)
  from space 512K,   0% used [0x22f70000, 0x22f70000, 0x22ff0000)
  to   space 512K,   0% used [0x22ff0000, 0x22ff0000, 0x23070000)
 tenured generation   total 11148K, used 6687K [0x27af0000, 0x285d3000, 0x31af0000)
   the space 11148K,  59% used [0x27af0000, 0x28177d70, 0x28177e00, 0x285d3000)
 compacting perm gen  total 12288K, used 9354K [0x31af0000, 0x326f0000, 0x35af0000)
   the space 12288K,  76% used [0x31af0000, 0x324129c8, 0x32412a00, 0x326f0000)
    ro space 10240K,  45% used [0x35af0000, 0x35f773d8, 0x35f77400, 0x364f0000)
    rw space 12288K,  54% used [0x364f0000, 0x36b7acc8, 0x36b7ae00, 0x370f0000)
}
Event: 66.756 GC heap before
{Heap before GC invocations=16 (full 2):
 def new generation   total 5120K, used 4608K [0x22af0000, 0x23070000, 0x27af0000)
  eden space 4608K, 100% used [0x22af0000, 0x22f70000, 0x22f70000)
  from space 512K,   0% used [0x22f70000, 0x22f70000, 0x22ff0000)
  to   space 512K,   0% used [0x22ff0000, 0x22ff0000, 0x23070000)
 tenured generation   total 11148K, used 6687K [0x27af0000, 0x285d3000, 0x31af0000)
   the space 11148K,  59% used [0x27af0000, 0x28177d70, 0x28177e00, 0x285d3000)
 compacting perm gen  total 12288K, used 9357K [0x31af0000, 0x326f0000, 0x35af0000)
   the space 12288K,  76% used [0x31af0000, 0x32413758, 0x32413800, 0x326f0000)
    ro space 10240K,  45% used [0x35af0000, 0x35f773d8, 0x35f77400, 0x364f0000)
    rw space 12288K,  54% used [0x364f0000, 0x36b7acc8, 0x36b7ae00, 0x370f0000)
Event: 66.763 GC heap after
Heap after GC invocations=17 (full 2):
 def new generation   total 5120K, used 512K [0x22af0000, 0x23070000, 0x27af0000)
  eden space 4608K,   0% used [0x22af0000, 0x22af0000, 0x22f70000)
  from space 512K, 100% used [0x22ff0000, 0x23070000, 0x23070000)
  to   space 512K,   0% used [0x22f70000, 0x22f70000, 0x22ff0000)
 tenured generation   total 11148K, used 6824K [0x27af0000, 0x285d3000, 0x31af0000)
   the space 11148K,  61% used [0x27af0000, 0x2819a188, 0x2819a200, 0x285d3000)
 compacting perm gen  total 12288K, used 9357K [0x31af0000, 0x326f0000, 0x35af0000)
   the space 12288K,  76% used [0x31af0000, 0x32413758, 0x32413800, 0x326f0000)
    ro space 10240K,  45% used [0x35af0000, 0x35f773d8, 0x35f77400, 0x364f0000)
    rw space 12288K,  54% used [0x364f0000, 0x36b7acc8, 0x36b7ae00, 0x370f0000)
}
Event: 76.455 GC heap before
{Heap before GC invocations=17 (full 2):
 def new generation   total 5120K, used 5120K [0x22af0000, 0x23070000, 0x27af0000)
  eden space 4608K, 100% used [0x22af0000, 0x22f70000, 0x22f70000)
  from space 512K, 100% used [0x22ff0000, 0x23070000, 0x23070000)
  to   space 512K,   0% used [0x22f70000, 0x22f70000, 0x22ff0000)
 tenured generation   total 11148K, used 6824K [0x27af0000, 0x285d3000, 0x31af0000)
   the space 11148K,  61% used [0x27af0000, 0x2819a188, 0x2819a200, 0x285d3000)
 compacting perm gen  total 12288K, used 9361K [0x31af0000, 0x326f0000, 0x35af0000)
   the space 12288K,  76% used [0x31af0000, 0x32414750, 0x32414800, 0x326f0000)
    ro space 10240K,  45% used [0x35af0000, 0x35f773d8, 0x35f77400, 0x364f0000)
    rw space 12288K,  54% used [0x364f0000, 0x36b7acc8, 0x36b7ae00, 0x370f0000)
Event: 76.466 GC heap after
Heap after GC invocations=18 (full 2):
 def new generation   total 5120K, used 499K [0x22af0000, 0x23070000, 0x27af0000)
  eden space 4608K,   0% used [0x22af0000, 0x22af0000, 0x22f70000)
  from space 512K,  97% used [0x22f70000, 0x22fecef0, 0x22ff0000)
  to   space 512K,   0% used [0x22ff0000, 0x22ff0000, 0x23070000)
 tenured generation   total 11148K, used 8413K [0x27af0000, 0x285d3000, 0x31af0000)
   the space 11148K,  75% used [0x27af0000, 0x28327748, 0x28327800, 0x285d3000)
 compacting perm gen  total 12288K, used 9361K [0x31af0000, 0x326f0000, 0x35af0000)
   the space 12288K,  76% used [0x31af0000, 0x32414750, 0x32414800, 0x326f0000)
    ro space 10240K,  45% used [0x35af0000, 0x35f773d8, 0x35f77400, 0x364f0000)
    rw space 12288K,  54% used [0x364f0000, 0x36b7acc8, 0x36b7ae00, 0x370f0000)
}

