# JRE version: 7.0_17-b02
# Java VM: Java HotSpot(TM) Client VM (23.7-b01 mixed mode, sharing windows-x86 )
Heap
 def new generation   total 4672K, used 2681K [0x22af0000, 0x23000000, 0x27af0000)
  eden space 4160K,  52% used [0x22af0000, 0x22d0e548, 0x22f00000)
  from space 512K, 100% used [0x22f80000, 0x23000000, 0x23000000)
  to   space 512K,   0% used [0x22f00000, 0x22f00000, 0x22f80000)
 tenured generation   total 10240K, used 9328K [0x27af0000, 0x284f0000, 0x31af0000)
   the space 10240K,  91% used [0x27af0000, 0x2840c1d8, 0x2840c200, 0x284f0000)
 compacting perm gen  total 12288K, used 9569K [0x31af0000, 0x326f0000, 0x35af0000)
   the space 12288K,  77% used [0x31af0000, 0x32448478, 0x32448600, 0x326f0000)
    ro space 10240K,  45% used [0x35af0000, 0x35f773d8, 0x35f77400, 0x364f0000)
    rw space 12288K,  54% used [0x364f0000, 0x36b7acc8, 0x36b7ae00, 0x370f0000)
GC Heap History (10 events):
Event: 47.287 GC heap before
{Heap before GC invocations=11 (full 1):
 def new generation   total 4672K, used 4160K [0x22af0000, 0x23000000, 0x27af0000)
  eden space 4160K, 100% used [0x22af0000, 0x22f00000, 0x22f00000)
  from space 512K,   0% used [0x22f00000, 0x22f00000, 0x22f80000)
  to   space 512K,   0% used [0x22f80000, 0x22f80000, 0x23000000)
 tenured generation   total 10240K, used 5795K [0x27af0000, 0x284f0000, 0x31af0000)
   the space 10240K,  56% used [0x27af0000, 0x28098c10, 0x28098e00, 0x284f0000)
 compacting perm gen  total 12288K, used 9327K [0x31af0000, 0x326f0000, 0x35af0000)
   the space 12288K,  75% used [0x31af0000, 0x3240bd58, 0x3240be00, 0x326f0000)
    ro space 10240K,  45% used [0x35af0000, 0x35f773d8, 0x35f77400, 0x364f0000)
    rw space 12288K,  54% used [0x364f0000, 0x36b7acc8, 0x36b7ae00, 0x370f0000)
Event: 47.294 GC heap after
Heap after GC invocations=12 (full 1):
 def new generation   total 4672K, used 512K [0x22af0000, 0x23000000, 0x27af0000)
  eden space 4160K,   0% used [0x22af0000, 0x22af0000, 0x22f00000)
  from space 512K, 100% used [0x22f80000, 0x23000000, 0x23000000)
  to   space 512K,   0% used [0x22f00000, 0x22f00000, 0x22f80000)
 tenured generation   total 10240K, used 6484K [0x27af0000, 0x284f0000, 0x31af0000)
   the space 10240K,  63% used [0x27af0000, 0x28145160, 0x28145200, 0x284f0000)
 compacting perm gen  total 12288K, used 9327K [0x31af0000, 0x326f0000, 0x35af0000)
   the space 12288K,  75% used [0x31af0000, 0x3240bd58, 0x3240be00, 0x326f0000)
    ro space 10240K,  45% used [0x35af0000, 0x35f773d8, 0x35f77400, 0x364f0000)
    rw space 12288K,  54% used [0x364f0000, 0x36b7acc8, 0x36b7ae00, 0x370f0000)
}
Event: 50.394 GC heap before
{Heap before GC invocations=12 (full 1):
 def new generation   total 4672K, used 4672K [0x22af0000, 0x23000000, 0x27af0000)
  eden space 4160K, 100% used [0x22af0000, 0x22f00000, 0x22f00000)
  from space 512K, 100% used [0x22f80000, 0x23000000, 0x23000000)
  to   space 512K,   0% used [0x22f00000, 0x22f00000, 0x22f80000)
 tenured generation   total 10240K, used 6484K [0x27af0000, 0x284f0000, 0x31af0000)
   the space 10240K,  63% used [0x27af0000, 0x28145160, 0x28145200, 0x284f0000)
 compacting perm gen  total 12288K, used 9330K [0x31af0000, 0x326f0000, 0x35af0000)
   the space 12288K,  75% used [0x31af0000, 0x3240cbb8, 0x3240cc00, 0x326f0000)
    ro space 10240K,  45% used [0x35af0000, 0x35f773d8, 0x35f77400, 0x364f0000)
    rw space 12288K,  54% used [0x364f0000, 0x36b7acc8, 0x36b7ae00, 0x370f0000)
Event: 50.401 GC heap after
Heap after GC invocations=13 (full 1):
 def new generation   total 4672K, used 474K [0x22af0000, 0x23000000, 0x27af0000)
  eden space 4160K,   0% used [0x22af0000, 0x22af0000, 0x22f00000)
  from space 512K,  92% used [0x22f00000, 0x22f76a50, 0x22f80000)
  to   space 512K,   0% used [0x22f80000, 0x22f80000, 0x23000000)
 tenured generation   total 10240K, used 8051K [0x27af0000, 0x284f0000, 0x31af0000)
   the space 10240K,  78% used [0x27af0000, 0x282ccc30, 0x282cce00, 0x284f0000)
 compacting perm gen  total 12288K, used 9330K [0x31af0000, 0x326f0000, 0x35af0000)
   the space 12288K,  75% used [0x31af0000, 0x3240cbb8, 0x3240cc00, 0x326f0000)
    ro space 10240K,  45% used [0x35af0000, 0x35f773d8, 0x35f77400, 0x364f0000)
    rw space 12288K,  54% used [0x364f0000, 0x36b7acc8, 0x36b7ae00, 0x370f0000)
}
Event: 60.827 GC heap before
{Heap before GC invocations=13 (full 1):
 def new generation   total 4672K, used 4634K [0x22af0000, 0x23000000, 0x27af0000)
  eden space 4160K, 100% used [0x22af0000, 0x22f00000, 0x22f00000)
  from space 512K,  92% used [0x22f00000, 0x22f76a50, 0x22f80000)
  to   space 512K,   0% used [0x22f80000, 0x22f80000, 0x23000000)
 tenured generation   total 10240K, used 8051K [0x27af0000, 0x284f0000, 0x31af0000)
   the space 10240K,  78% used [0x27af0000, 0x282ccc30, 0x282cce00, 0x284f0000)
 compacting perm gen  total 12288K, used 9348K [0x31af0000, 0x326f0000, 0x35af0000)
   the space 12288K,  76% used [0x31af0000, 0x324110a8, 0x32411200, 0x326f0000)
    ro space 10240K,  45% used [0x35af0000, 0x35f773d8, 0x35f77400, 0x364f0000)
    rw space 12288K,  54% used [0x364f0000, 0x36b7acc8, 0x36b7ae00, 0x370f0000)
Event: 60.834 GC heap after
Heap after GC invocations=14 (full 1):
 def new generation   total 4672K, used 442K [0x22af0000, 0x23000000, 0x27af0000)
  eden space 4160K,   0% used [0x22af0000, 0x22af0000, 0x22f00000)
  from space 512K,  86% used [0x22f80000, 0x22fee8e0, 0x23000000)
  to   space 512K,   0% used [0x22f00000, 0x22f00000, 0x22f80000)
 tenured generation   total 10240K, used 8490K [0x27af0000, 0x284f0000, 0x31af0000)
   the space 10240K,  82% used [0x27af0000, 0x2833a9e8, 0x2833aa00, 0x284f0000)
 compacting perm gen  total 12288K, used 9348K [0x31af0000, 0x326f0000, 0x35af0000)
   the space 12288K,  76% used [0x31af0000, 0x324110a8, 0x32411200, 0x326f0000)
    ro space 10240K,  45% used [0x35af0000, 0x35f773d8, 0x35f77400, 0x364f0000)
    rw space 12288K,  54% used [0x364f0000, 0x36b7acc8, 0x36b7ae00, 0x370f0000)
}
Event: 108.509 GC heap before
{Heap before GC invocations=14 (full 1):
 def new generation   total 4672K, used 4602K [0x22af0000, 0x23000000, 0x27af0000)
  eden space 4160K, 100% used [0x22af0000, 0x22f00000, 0x22f00000)
  from space 512K,  86% used [0x22f80000, 0x22fee8e0, 0x23000000)
  to   space 512K,   0% used [0x22f00000, 0x22f00000, 0x22f80000)
 tenured generation   total 10240K, used 8490K [0x27af0000, 0x284f0000, 0x31af0000)
   the space 10240K,  82% used [0x27af0000, 0x2833a9e8, 0x2833aa00, 0x284f0000)
 compacting perm gen  total 12288K, used 9365K [0x31af0000, 0x326f0000, 0x35af0000)
   the space 12288K,  76% used [0x31af0000, 0x32415490, 0x32415600, 0x326f0000)
    ro space 10240K,  45% used [0x35af0000, 0x35f773d8, 0x35f77400, 0x364f0000)
    rw space 12288K,  54% used [0x364f0000, 0x36b7acc8, 0x36b7ae00, 0x370f0000)
Event: 108.516 GC heap after
Heap after GC invocations=15 (full 1):
 def new generation   total 4672K, used 336K [0x22af0000, 0x23000000, 0x27af0000)
  eden space 4160K,   0% used [0x22af0000, 0x22af0000, 0x22f00000)
  from space 512K,  65% used [0x22f00000, 0x22f540c8, 0x22f80000)
  to   space 512K,   0% used [0x22f80000, 0x22f80000, 0x23000000)
 tenured generation   total 10240K, used 8931K [0x27af0000, 0x284f0000, 0x31af0000)
   the space 10240K,  87% used [0x27af0000, 0x283a8ca0, 0x283a8e00, 0x284f0000)
 compacting perm gen  total 12288K, used 9365K [0x31af0000, 0x326f0000, 0x35af0000)
   the space 12288K,  76% used [0x31af0000, 0x32415490, 0x32415600, 0x326f0000)
    ro space 10240K,  45% used [0x35af0000, 0x35f773d8, 0x35f77400, 0x364f0000)
    rw space 12288K,  54% used [0x364f0000, 0x36b7acc8, 0x36b7ae00, 0x370f0000)
}
Event: 111.104 GC heap before
{Heap before GC invocations=15 (full 1):
 def new generation   total 4672K, used 4483K [0x22af0000, 0x23000000, 0x27af0000)
  eden space 4160K,  99% used [0x22af0000, 0x22efcdf8, 0x22f00000)
  from space 512K,  65% used [0x22f00000, 0x22f540c8, 0x22f80000)
  to   space 512K,   0% used [0x22f80000, 0x22f80000, 0x23000000)
 tenured generation   total 10240K, used 8931K [0x27af0000, 0x284f0000, 0x31af0000)
   the space 10240K,  87% used [0x27af0000, 0x283a8ca0, 0x283a8e00, 0x284f0000)
 compacting perm gen  total 12288K, used 9562K [0x31af0000, 0x326f0000, 0x35af0000)
   the space 12288K,  77% used [0x31af0000, 0x32446ab8, 0x32446c00, 0x326f0000)
    ro space 10240K,  45% used [0x35af0000, 0x35f773d8, 0x35f77400, 0x364f0000)
    rw space 12288K,  54% used [0x364f0000, 0x36b7acc8, 0x36b7ae00, 0x370f0000)
Event: 111.114 GC heap after
Heap after GC invocations=16 (full 1):
 def new generation   total 4672K, used 512K [0x22af0000, 0x23000000, 0x27af0000)
  eden space 4160K,   0% used [0x22af0000, 0x22af0000, 0x22f00000)
  from space 512K, 100% used [0x22f80000, 0x23000000, 0x23000000)
  to   space 512K,   0% used [0x22f00000, 0x22f00000, 0x22f80000)
 tenured generation   total 10240K, used 9328K [0x27af0000, 0x284f0000, 0x31af0000)
   the space 10240K,  91% used [0x27af0000, 0x2840c1d8, 0x2840c200, 0x284f0000)
 compacting perm gen  total 12288K, used 9562K [0x31af0000, 0x326f0000, 0x35af0000)
   the space 12288K,  77% used [0x31af0000, 0x32446ab8, 0x32446c00, 0x326f0000)
    ro space 10240K,  45% used [0x35af0000, 0x35f773d8, 0x35f77400, 0x364f0000)
    rw space 12288K,  54% used [0x364f0000, 0x36b7acc8, 0x36b7ae00, 0x370f0000)
}

