# JRE version: 7.0_17-b02
# Java VM: Java HotSpot(TM) Client VM (23.7-b01 mixed mode, sharing windows-x86 )
Heap
 def new generation   total 4672K, used 2597K [0x22af0000, 0x23000000, 0x27af0000)
  eden space 4160K,  50% used [0x22af0000, 0x22cf9480, 0x22f00000)
  from space 512K, 100% used [0x22f00000, 0x22f80000, 0x22f80000)
  to   space 512K,   0% used [0x22f80000, 0x22f80000, 0x23000000)
 tenured generation   total 10240K, used 6052K [0x27af0000, 0x284f0000, 0x31af0000)
   the space 10240K,  59% used [0x27af0000, 0x280d91c0, 0x280d9200, 0x284f0000)
 compacting perm gen  total 12288K, used 9562K [0x31af0000, 0x326f0000, 0x35af0000)
   the space 12288K,  77% used [0x31af0000, 0x32446a38, 0x32446c00, 0x326f0000)
    ro space 10240K,  45% used [0x35af0000, 0x35f773d8, 0x35f77400, 0x364f0000)
    rw space 12288K,  54% used [0x364f0000, 0x36b7acc8, 0x36b7ae00, 0x370f0000)
GC Heap History (10 events):
Event: 15.550 GC heap before
{Heap before GC invocations=8 (full 0):
 def new generation   total 4608K, used 4608K [0x22af0000, 0x22fe0000, 0x27af0000)
  eden space 4160K, 100% used [0x22af0000, 0x22f00000, 0x22f00000)
  from space 448K, 100% used [0x22f00000, 0x22f70000, 0x22f70000)
  to   space 448K,   0% used [0x22f70000, 0x22f70000, 0x22fe0000)
 tenured generation   total 10240K, used 8721K [0x27af0000, 0x284f0000, 0x31af0000)
   the space 10240K,  85% used [0x27af0000, 0x28374690, 0x28374800, 0x284f0000)
 compacting perm gen  total 12288K, used 8189K [0x31af0000, 0x326f0000, 0x35af0000)
   the space 12288K,  66% used [0x31af0000, 0x322ef428, 0x322ef600, 0x326f0000)
    ro space 10240K,  45% used [0x35af0000, 0x35f773d8, 0x35f77400, 0x364f0000)
    rw space 12288K,  54% used [0x364f0000, 0x36b7acc8, 0x36b7ae00, 0x370f0000)
Event: 15.558 GC heap after
Heap after GC invocations=9 (full 0):
 def new generation   total 4608K, used 448K [0x22af0000, 0x22fe0000, 0x27af0000)
  eden space 4160K,   0% used [0x22af0000, 0x22af0000, 0x22f00000)
  from space 448K, 100% used [0x22f70000, 0x22fe0000, 0x22fe0000)
  to   space 448K,   0% used [0x22f00000, 0x22f00000, 0x22f70000)
 tenured generation   total 10240K, used 9228K [0x27af0000, 0x284f0000, 0x31af0000)
   the space 10240K,  90% used [0x27af0000, 0x283f3038, 0x283f3200, 0x284f0000)
 compacting perm gen  total 12288K, used 8189K [0x31af0000, 0x326f0000, 0x35af0000)
   the space 12288K,  66% used [0x31af0000, 0x322ef428, 0x322ef600, 0x326f0000)
    ro space 10240K,  45% used [0x35af0000, 0x35f773d8, 0x35f77400, 0x364f0000)
    rw space 12288K,  54% used [0x364f0000, 0x36b7acc8, 0x36b7ae00, 0x370f0000)
}
Event: 15.939 GC heap before
{Heap before GC invocations=9 (full 0):
 def new generation   total 4608K, used 4608K [0x22af0000, 0x22fe0000, 0x27af0000)
  eden space 4160K, 100% used [0x22af0000, 0x22f00000, 0x22f00000)
  from space 448K, 100% used [0x22f70000, 0x22fe0000, 0x22fe0000)
  to   space 448K,   0% used [0x22f00000, 0x22f00000, 0x22f70000)
 tenured generation   total 10240K, used 9228K [0x27af0000, 0x284f0000, 0x31af0000)
   the space 10240K,  90% used [0x27af0000, 0x283f3038, 0x283f3200, 0x284f0000)
 compacting perm gen  total 12288K, used 8732K [0x31af0000, 0x326f0000, 0x35af0000)
   the space 12288K,  71% used [0x31af0000, 0x32377078, 0x32377200, 0x326f0000)
    ro space 10240K,  45% used [0x35af0000, 0x35f773d8, 0x35f77400, 0x364f0000)
    rw space 12288K,  54% used [0x364f0000, 0x36b7acc8, 0x36b7ae00, 0x370f0000)
Event: 15.949 GC heap after
Heap after GC invocations=10 (full 0):
 def new generation   total 4608K, used 447K [0x22af0000, 0x22fe0000, 0x27af0000)
  eden space 4160K,   0% used [0x22af0000, 0x22af0000, 0x22f00000)
  from space 448K,  99% used [0x22f00000, 0x22f6fff8, 0x22f70000)
  to   space 448K,   0% used [0x22f70000, 0x22f70000, 0x22fe0000)
 tenured generation   total 10240K, used 9882K [0x27af0000, 0x284f0000, 0x31af0000)
   the space 10240K,  96% used [0x27af0000, 0x284968b0, 0x28496a00, 0x284f0000)
 compacting perm gen  total 12288K, used 8732K [0x31af0000, 0x326f0000, 0x35af0000)
   the space 12288K,  71% used [0x31af0000, 0x32377078, 0x32377200, 0x326f0000)
    ro space 10240K,  45% used [0x35af0000, 0x35f773d8, 0x35f77400, 0x364f0000)
    rw space 12288K,  54% used [0x364f0000, 0x36b7acc8, 0x36b7ae00, 0x370f0000)
}
Event: 40.972 GC heap before
{Heap before GC invocations=10 (full 0):
 def new generation   total 4608K, used 4607K [0x22af0000, 0x22fe0000, 0x27af0000)
  eden space 4160K, 100% used [0x22af0000, 0x22f00000, 0x22f00000)
  from space 448K,  99% used [0x22f00000, 0x22f6fff8, 0x22f70000)
  to   space 448K,   0% used [0x22f70000, 0x22f70000, 0x22fe0000)
 tenured generation   total 10240K, used 9882K [0x27af0000, 0x284f0000, 0x31af0000)
   the space 10240K,  96% used [0x27af0000, 0x284968b0, 0x28496a00, 0x284f0000)
 compacting perm gen  total 12288K, used 9288K [0x31af0000, 0x326f0000, 0x35af0000)
   the space 12288K,  75% used [0x31af0000, 0x32402008, 0x32402200, 0x326f0000)
    ro space 10240K,  45% used [0x35af0000, 0x35f773d8, 0x35f77400, 0x364f0000)
    rw space 12288K,  54% used [0x364f0000, 0x36b7acc8, 0x36b7ae00, 0x370f0000)
Event: 41.084 GC heap after
Heap after GC invocations=11 (full 1):
 def new generation   total 4672K, used 0K [0x22af0000, 0x23000000, 0x27af0000)
  eden space 4160K,   0% used [0x22af0000, 0x22af0000, 0x22f00000)
  from space 512K,   0% used [0x22f00000, 0x22f00000, 0x22f80000)
  to   space 512K,   0% used [0x22f80000, 0x22f80000, 0x23000000)
 tenured generation   total 10240K, used 5472K [0x27af0000, 0x284f0000, 0x31af0000)
   the space 10240K,  53% used [0x27af0000, 0x28048320, 0x28048400, 0x284f0000)
 compacting perm gen  total 12288K, used 9288K [0x31af0000, 0x326f0000, 0x35af0000)
   the space 12288K,  75% used [0x31af0000, 0x32402008, 0x32402200, 0x326f0000)
    ro space 10240K,  45% used [0x35af0000, 0x35f773d8, 0x35f77400, 0x364f0000)
    rw space 12288K,  54% used [0x364f0000, 0x36b7acc8, 0x36b7ae00, 0x370f0000)
}
Event: 53.322 GC heap before
{Heap before GC invocations=11 (full 1):
 def new generation   total 4672K, used 4160K [0x22af0000, 0x23000000, 0x27af0000)
  eden space 4160K, 100% used [0x22af0000, 0x22f00000, 0x22f00000)
  from space 512K,   0% used [0x22f00000, 0x22f00000, 0x22f80000)
  to   space 512K,   0% used [0x22f80000, 0x22f80000, 0x23000000)
 tenured generation   total 10240K, used 5472K [0x27af0000, 0x284f0000, 0x31af0000)
   the space 10240K,  53% used [0x27af0000, 0x28048320, 0x28048400, 0x284f0000)
 compacting perm gen  total 12288K, used 9357K [0x31af0000, 0x326f0000, 0x35af0000)
   the space 12288K,  76% used [0x31af0000, 0x324136d0, 0x32413800, 0x326f0000)
    ro space 10240K,  45% used [0x35af0000, 0x35f773d8, 0x35f77400, 0x364f0000)
    rw space 12288K,  54% used [0x364f0000, 0x36b7acc8, 0x36b7ae00, 0x370f0000)
Event: 53.330 GC heap after
Heap after GC invocations=12 (full 1):
 def new generation   total 4672K, used 455K [0x22af0000, 0x23000000, 0x27af0000)
  eden space 4160K,   0% used [0x22af0000, 0x22af0000, 0x22f00000)
  from space 512K,  88% used [0x22f80000, 0x22ff1c90, 0x23000000)
  to   space 512K,   0% used [0x22f00000, 0x22f00000, 0x22f80000)
 tenured generation   total 10240K, used 5472K [0x27af0000, 0x284f0000, 0x31af0000)
   the space 10240K,  53% used [0x27af0000, 0x28048320, 0x28048400, 0x284f0000)
 compacting perm gen  total 12288K, used 9357K [0x31af0000, 0x326f0000, 0x35af0000)
   the space 12288K,  76% used [0x31af0000, 0x324136d0, 0x32413800, 0x326f0000)
    ro space 10240K,  45% used [0x35af0000, 0x35f773d8, 0x35f77400, 0x364f0000)
    rw space 12288K,  54% used [0x364f0000, 0x36b7acc8, 0x36b7ae00, 0x370f0000)
}
Event: 62.941 GC heap before
{Heap before GC invocations=12 (full 1):
 def new generation   total 4672K, used 3802K [0x22af0000, 0x23000000, 0x27af0000)
  eden space 4160K,  80% used [0x22af0000, 0x22e34d08, 0x22f00000)
  from space 512K,  88% used [0x22f80000, 0x22ff1c90, 0x23000000)
  to   space 512K,   0% used [0x22f00000, 0x22f00000, 0x22f80000)
 tenured generation   total 10240K, used 5472K [0x27af0000, 0x284f0000, 0x31af0000)
   the space 10240K,  53% used [0x27af0000, 0x28048320, 0x28048400, 0x284f0000)
 compacting perm gen  total 12288K, used 9562K [0x31af0000, 0x326f0000, 0x35af0000)
   the space 12288K,  77% used [0x31af0000, 0x32446a18, 0x32446c00, 0x326f0000)
    ro space 10240K,  45% used [0x35af0000, 0x35f773d8, 0x35f77400, 0x364f0000)
    rw space 12288K,  54% used [0x364f0000, 0x36b7acc8, 0x36b7ae00, 0x370f0000)
Event: 62.951 GC heap after
Heap after GC invocations=13 (full 1):
 def new generation   total 4672K, used 512K [0x22af0000, 0x23000000, 0x27af0000)
  eden space 4160K,   0% used [0x22af0000, 0x22af0000, 0x22f00000)
  from space 512K, 100% used [0x22f00000, 0x22f80000, 0x22f80000)
  to   space 512K,   0% used [0x22f80000, 0x22f80000, 0x23000000)
 tenured generation   total 10240K, used 6052K [0x27af0000, 0x284f0000, 0x31af0000)
   the space 10240K,  59% used [0x27af0000, 0x280d91c0, 0x280d9200, 0x284f0000)
 compacting perm gen  total 12288K, used 9562K [0x31af0000, 0x326f0000, 0x35af0000)
   the space 12288K,  77% used [0x31af0000, 0x32446a18, 0x32446c00, 0x326f0000)
    ro space 10240K,  45% used [0x35af0000, 0x35f773d8, 0x35f77400, 0x364f0000)
    rw space 12288K,  54% used [0x364f0000, 0x36b7acc8, 0x36b7ae00, 0x370f0000)
}

