# JRE version: 7.0_17-b02
# Java VM: Java HotSpot(TM) Client VM (23.7-b01 mixed mode, sharing windows-x86 )
Heap
 def new generation   total 4672K, used 3019K [0x22af0000, 0x23000000, 0x27af0000)
  eden space 4160K,  60% used [0x22af0000, 0x22d62d18, 0x22f00000)
  from space 512K, 100% used [0x22f00000, 0x22f80000, 0x22f80000)
  to   space 512K,   0% used [0x22f80000, 0x22f80000, 0x23000000)
 tenured generation   total 10240K, used 6399K [0x27af0000, 0x284f0000, 0x31af0000)
   the space 10240K,  62% used [0x27af0000, 0x2812ff50, 0x28130000, 0x284f0000)
 compacting perm gen  total 12288K, used 9648K [0x31af0000, 0x326f0000, 0x35af0000)
   the space 12288K,  78% used [0x31af0000, 0x3245c008, 0x3245c200, 0x326f0000)
    ro space 10240K,  45% used [0x35af0000, 0x35f773d8, 0x35f77400, 0x364f0000)
    rw space 12288K,  54% used [0x364f0000, 0x36b7acc8, 0x36b7ae00, 0x370f0000)
GC Heap History (10 events):
Event: 11.026 GC heap before
{Heap before GC invocations=8 (full 0):
 def new generation   total 4608K, used 4608K [0x22af0000, 0x22fe0000, 0x27af0000)
  eden space 4160K, 100% used [0x22af0000, 0x22f00000, 0x22f00000)
  from space 448K, 100% used [0x22f00000, 0x22f70000, 0x22f70000)
  to   space 448K,   0% used [0x22f70000, 0x22f70000, 0x22fe0000)
 tenured generation   total 10240K, used 8931K [0x27af0000, 0x284f0000, 0x31af0000)
   the space 10240K,  87% used [0x27af0000, 0x283a8da0, 0x283a8e00, 0x284f0000)
 compacting perm gen  total 12288K, used 8305K [0x31af0000, 0x326f0000, 0x35af0000)
   the space 12288K,  67% used [0x31af0000, 0x3230c4f8, 0x3230c600, 0x326f0000)
    ro space 10240K,  45% used [0x35af0000, 0x35f773d8, 0x35f77400, 0x364f0000)
    rw space 12288K,  54% used [0x364f0000, 0x36b7acc8, 0x36b7ae00, 0x370f0000)
Event: 11.035 GC heap after
Heap after GC invocations=9 (full 0):
 def new generation   total 4608K, used 448K [0x22af0000, 0x22fe0000, 0x27af0000)
  eden space 4160K,   0% used [0x22af0000, 0x22af0000, 0x22f00000)
  from space 448K, 100% used [0x22f70000, 0x22fe0000, 0x22fe0000)
  to   space 448K,   0% used [0x22f00000, 0x22f00000, 0x22f70000)
 tenured generation   total 10240K, used 9375K [0x27af0000, 0x284f0000, 0x31af0000)
   the space 10240K,  91% used [0x27af0000, 0x28417e40, 0x28418000, 0x284f0000)
 compacting perm gen  total 12288K, used 8305K [0x31af0000, 0x326f0000, 0x35af0000)
   the space 12288K,  67% used [0x31af0000, 0x3230c4f8, 0x3230c600, 0x326f0000)
    ro space 10240K,  45% used [0x35af0000, 0x35f773d8, 0x35f77400, 0x364f0000)
    rw space 12288K,  54% used [0x364f0000, 0x36b7acc8, 0x36b7ae00, 0x370f0000)
}
Event: 11.462 GC heap before
{Heap before GC invocations=9 (full 0):
 def new generation   total 4608K, used 4608K [0x22af0000, 0x22fe0000, 0x27af0000)
  eden space 4160K, 100% used [0x22af0000, 0x22f00000, 0x22f00000)
  from space 448K, 100% used [0x22f70000, 0x22fe0000, 0x22fe0000)
  to   space 448K,   0% used [0x22f00000, 0x22f00000, 0x22f70000)
 tenured generation   total 10240K, used 9375K [0x27af0000, 0x284f0000, 0x31af0000)
   the space 10240K,  91% used [0x27af0000, 0x28417e40, 0x28418000, 0x284f0000)
 compacting perm gen  total 12288K, used 8847K [0x31af0000, 0x326f0000, 0x35af0000)
   the space 12288K,  71% used [0x31af0000, 0x32393d60, 0x32393e00, 0x326f0000)
    ro space 10240K,  45% used [0x35af0000, 0x35f773d8, 0x35f77400, 0x364f0000)
    rw space 12288K,  54% used [0x364f0000, 0x36b7acc8, 0x36b7ae00, 0x370f0000)
Event: 11.471 GC heap after
Heap after GC invocations=10 (full 0):
 def new generation   total 4608K, used 448K [0x22af0000, 0x22fe0000, 0x27af0000)
  eden space 4160K,   0% used [0x22af0000, 0x22af0000, 0x22f00000)
  from space 448K, 100% used [0x22f00000, 0x22f70000, 0x22f70000)
  to   space 448K,   0% used [0x22f70000, 0x22f70000, 0x22fe0000)
 tenured generation   total 10240K, used 10040K [0x27af0000, 0x284f0000, 0x31af0000)
   the space 10240K,  98% used [0x27af0000, 0x284be0f8, 0x284be200, 0x284f0000)
 compacting perm gen  total 12288K, used 8847K [0x31af0000, 0x326f0000, 0x35af0000)
   the space 12288K,  71% used [0x31af0000, 0x32393d60, 0x32393e00, 0x326f0000)
    ro space 10240K,  45% used [0x35af0000, 0x35f773d8, 0x35f77400, 0x364f0000)
    rw space 12288K,  54% used [0x364f0000, 0x36b7acc8, 0x36b7ae00, 0x370f0000)
}
Event: 46.870 GC heap before
{Heap before GC invocations=10 (full 0):
 def new generation   total 4608K, used 4608K [0x22af0000, 0x22fe0000, 0x27af0000)
  eden space 4160K, 100% used [0x22af0000, 0x22f00000, 0x22f00000)
  from space 448K, 100% used [0x22f00000, 0x22f70000, 0x22f70000)
  to   space 448K,   0% used [0x22f70000, 0x22f70000, 0x22fe0000)
 tenured generation   total 10240K, used 10040K [0x27af0000, 0x284f0000, 0x31af0000)
   the space 10240K,  98% used [0x27af0000, 0x284be0f8, 0x284be200, 0x284f0000)
 compacting perm gen  total 12288K, used 9436K [0x31af0000, 0x326f0000, 0x35af0000)
   the space 12288K,  76% used [0x31af0000, 0x32427350, 0x32427400, 0x326f0000)
    ro space 10240K,  45% used [0x35af0000, 0x35f773d8, 0x35f77400, 0x364f0000)
    rw space 12288K,  54% used [0x364f0000, 0x36b7acc8, 0x36b7ae00, 0x370f0000)
Event: 46.981 GC heap after
Heap after GC invocations=11 (full 1):
 def new generation   total 4672K, used 0K [0x22af0000, 0x23000000, 0x27af0000)
  eden space 4160K,   0% used [0x22af0000, 0x22af0000, 0x22f00000)
  from space 512K,   0% used [0x22f00000, 0x22f00000, 0x22f80000)
  to   space 512K,   0% used [0x22f80000, 0x22f80000, 0x23000000)
 tenured generation   total 10240K, used 5669K [0x27af0000, 0x284f0000, 0x31af0000)
   the space 10240K,  55% used [0x27af0000, 0x280797f8, 0x28079800, 0x284f0000)
 compacting perm gen  total 12288K, used 9436K [0x31af0000, 0x326f0000, 0x35af0000)
   the space 12288K,  76% used [0x31af0000, 0x32427350, 0x32427400, 0x326f0000)
    ro space 10240K,  45% used [0x35af0000, 0x35f773d8, 0x35f77400, 0x364f0000)
    rw space 12288K,  54% used [0x364f0000, 0x36b7acc8, 0x36b7ae00, 0x370f0000)
}
Event: 79.923 GC heap before
{Heap before GC invocations=11 (full 1):
 def new generation   total 4672K, used 4160K [0x22af0000, 0x23000000, 0x27af0000)
  eden space 4160K, 100% used [0x22af0000, 0x22f00000, 0x22f00000)
  from space 512K,   0% used [0x22f00000, 0x22f00000, 0x22f80000)
  to   space 512K,   0% used [0x22f80000, 0x22f80000, 0x23000000)
 tenured generation   total 10240K, used 5669K [0x27af0000, 0x284f0000, 0x31af0000)
   the space 10240K,  55% used [0x27af0000, 0x280797f8, 0x28079800, 0x284f0000)
 compacting perm gen  total 12288K, used 9443K [0x31af0000, 0x326f0000, 0x35af0000)
   the space 12288K,  76% used [0x31af0000, 0x32428c70, 0x32428e00, 0x326f0000)
    ro space 10240K,  45% used [0x35af0000, 0x35f773d8, 0x35f77400, 0x364f0000)
    rw space 12288K,  54% used [0x364f0000, 0x36b7acc8, 0x36b7ae00, 0x370f0000)
Event: 79.929 GC heap after
Heap after GC invocations=12 (full 1):
 def new generation   total 4672K, used 512K [0x22af0000, 0x23000000, 0x27af0000)
  eden space 4160K,   0% used [0x22af0000, 0x22af0000, 0x22f00000)
  from space 512K, 100% used [0x22f80000, 0x23000000, 0x23000000)
  to   space 512K,   0% used [0x22f00000, 0x22f00000, 0x22f80000)
 tenured generation   total 10240K, used 5697K [0x27af0000, 0x284f0000, 0x31af0000)
   the space 10240K,  55% used [0x27af0000, 0x280807a0, 0x28080800, 0x284f0000)
 compacting perm gen  total 12288K, used 9443K [0x31af0000, 0x326f0000, 0x35af0000)
   the space 12288K,  76% used [0x31af0000, 0x32428c70, 0x32428e00, 0x326f0000)
    ro space 10240K,  45% used [0x35af0000, 0x35f773d8, 0x35f77400, 0x364f0000)
    rw space 12288K,  54% used [0x364f0000, 0x36b7acc8, 0x36b7ae00, 0x370f0000)
}
Event: 82.276 GC heap before
{Heap before GC invocations=12 (full 1):
 def new generation   total 4672K, used 4633K [0x22af0000, 0x23000000, 0x27af0000)
  eden space 4160K,  99% used [0x22af0000, 0x22ef6658, 0x22f00000)
  from space 512K, 100% used [0x22f80000, 0x23000000, 0x23000000)
  to   space 512K,   0% used [0x22f00000, 0x22f00000, 0x22f80000)
 tenured generation   total 10240K, used 5697K [0x27af0000, 0x284f0000, 0x31af0000)
   the space 10240K,  55% used [0x27af0000, 0x280807a0, 0x28080800, 0x284f0000)
 compacting perm gen  total 12288K, used 9641K [0x31af0000, 0x326f0000, 0x35af0000)
   the space 12288K,  78% used [0x31af0000, 0x3245a5c8, 0x3245a600, 0x326f0000)
    ro space 10240K,  45% used [0x35af0000, 0x35f773d8, 0x35f77400, 0x364f0000)
    rw space 12288K,  54% used [0x364f0000, 0x36b7acc8, 0x36b7ae00, 0x370f0000)
Event: 82.285 GC heap after
Heap after GC invocations=13 (full 1):
 def new generation   total 4672K, used 512K [0x22af0000, 0x23000000, 0x27af0000)
  eden space 4160K,   0% used [0x22af0000, 0x22af0000, 0x22f00000)
  from space 512K, 100% used [0x22f00000, 0x22f80000, 0x22f80000)
  to   space 512K,   0% used [0x22f80000, 0x22f80000, 0x23000000)
 tenured generation   total 10240K, used 6399K [0x27af0000, 0x284f0000, 0x31af0000)
   the space 10240K,  62% used [0x27af0000, 0x2812ff50, 0x28130000, 0x284f0000)
 compacting perm gen  total 12288K, used 9641K [0x31af0000, 0x326f0000, 0x35af0000)
   the space 12288K,  78% used [0x31af0000, 0x3245a5c8, 0x3245a600, 0x326f0000)
    ro space 10240K,  45% used [0x35af0000, 0x35f773d8, 0x35f77400, 0x364f0000)
    rw space 12288K,  54% used [0x364f0000, 0x36b7acc8, 0x36b7ae00, 0x370f0000)
}

