# JRE version: 7.0_17-b02
# Java VM: Java HotSpot(TM) Client VM (23.7-b01 mixed mode, sharing windows-x86 )
Heap
 def new generation   total 4672K, used 2790K [0x22af0000, 0x23000000, 0x27af0000)
  eden space 4160K,  61% used [0x22af0000, 0x22d742d0, 0x22f00000)
  from space 512K,  41% used [0x22f80000, 0x22fb5740, 0x23000000)
  to   space 512K,   0% used [0x22f00000, 0x22f00000, 0x22f80000)
 tenured generation   total 10240K, used 8549K [0x27af0000, 0x284f0000, 0x31af0000)
   the space 10240K,  83% used [0x27af0000, 0x28349670, 0x28349800, 0x284f0000)
 compacting perm gen  total 12288K, used 9390K [0x31af0000, 0x326f0000, 0x35af0000)
   the space 12288K,  76% used [0x31af0000, 0x3241baa0, 0x3241bc00, 0x326f0000)
    ro space 10240K,  45% used [0x35af0000, 0x35f773d8, 0x35f77400, 0x364f0000)
    rw space 12288K,  54% used [0x364f0000, 0x36b7acc8, 0x36b7ae00, 0x370f0000)
GC Heap History (10 events):
Event: 12.877 GC heap before
{Heap before GC invocations=9 (full 0):
 def new generation   total 4608K, used 4608K [0x22af0000, 0x22fe0000, 0x27af0000)
  eden space 4160K, 100% used [0x22af0000, 0x22f00000, 0x22f00000)
  from space 448K, 100% used [0x22f70000, 0x22fe0000, 0x22fe0000)
  to   space 448K,   0% used [0x22f00000, 0x22f00000, 0x22f70000)
 tenured generation   total 10240K, used 9439K [0x27af0000, 0x284f0000, 0x31af0000)
   the space 10240K,  92% used [0x27af0000, 0x28427ee8, 0x28428000, 0x284f0000)
 compacting perm gen  total 12288K, used 8839K [0x31af0000, 0x326f0000, 0x35af0000)
   the space 12288K,  71% used [0x31af0000, 0x32391d40, 0x32391e00, 0x326f0000)
    ro space 10240K,  45% used [0x35af0000, 0x35f773d8, 0x35f77400, 0x364f0000)
    rw space 12288K,  54% used [0x364f0000, 0x36b7acc8, 0x36b7ae00, 0x370f0000)
Event: 12.887 GC heap after
Heap after GC invocations=10 (full 0):
 def new generation   total 4608K, used 448K [0x22af0000, 0x22fe0000, 0x27af0000)
  eden space 4160K,   0% used [0x22af0000, 0x22af0000, 0x22f00000)
  from space 448K, 100% used [0x22f00000, 0x22f70000, 0x22f70000)
  to   space 448K,   0% used [0x22f70000, 0x22f70000, 0x22fe0000)
 tenured generation   total 10240K, used 10189K [0x27af0000, 0x284f0000, 0x31af0000)
   the space 10240K,  99% used [0x27af0000, 0x284e3730, 0x284e3800, 0x284f0000)
 compacting perm gen  total 12288K, used 8839K [0x31af0000, 0x326f0000, 0x35af0000)
   the space 12288K,  71% used [0x31af0000, 0x32391d40, 0x32391e00, 0x326f0000)
    ro space 10240K,  45% used [0x35af0000, 0x35f773d8, 0x35f77400, 0x364f0000)
    rw space 12288K,  54% used [0x364f0000, 0x36b7acc8, 0x36b7ae00, 0x370f0000)
}
Event: 42.887 GC heap before
{Heap before GC invocations=10 (full 0):
 def new generation   total 4608K, used 4608K [0x22af0000, 0x22fe0000, 0x27af0000)
  eden space 4160K, 100% used [0x22af0000, 0x22f00000, 0x22f00000)
  from space 448K, 100% used [0x22f00000, 0x22f70000, 0x22f70000)
  to   space 448K,   0% used [0x22f70000, 0x22f70000, 0x22fe0000)
 tenured generation   total 10240K, used 10189K [0x27af0000, 0x284f0000, 0x31af0000)
   the space 10240K,  99% used [0x27af0000, 0x284e3730, 0x284e3800, 0x284f0000)
 compacting perm gen  total 12288K, used 9282K [0x31af0000, 0x326f0000, 0x35af0000)
   the space 12288K,  75% used [0x31af0000, 0x32400b10, 0x32400c00, 0x326f0000)
    ro space 10240K,  45% used [0x35af0000, 0x35f773d8, 0x35f77400, 0x364f0000)
    rw space 12288K,  54% used [0x364f0000, 0x36b7acc8, 0x36b7ae00, 0x370f0000)
Event: 43.008 GC heap after
Heap after GC invocations=11 (full 1):
 def new generation   total 4672K, used 0K [0x22af0000, 0x23000000, 0x27af0000)
  eden space 4160K,   0% used [0x22af0000, 0x22af0000, 0x22f00000)
  from space 512K,   0% used [0x22f00000, 0x22f00000, 0x22f80000)
  to   space 512K,   0% used [0x22f80000, 0x22f80000, 0x23000000)
 tenured generation   total 10240K, used 5904K [0x27af0000, 0x284f0000, 0x31af0000)
   the space 10240K,  57% used [0x27af0000, 0x280b4060, 0x280b4200, 0x284f0000)
 compacting perm gen  total 12288K, used 9282K [0x31af0000, 0x326f0000, 0x35af0000)
   the space 12288K,  75% used [0x31af0000, 0x32400b10, 0x32400c00, 0x326f0000)
    ro space 10240K,  45% used [0x35af0000, 0x35f773d8, 0x35f77400, 0x364f0000)
    rw space 12288K,  54% used [0x364f0000, 0x36b7acc8, 0x36b7ae00, 0x370f0000)
}
Event: 49.813 GC heap before
{Heap before GC invocations=11 (full 1):
 def new generation   total 4672K, used 4160K [0x22af0000, 0x23000000, 0x27af0000)
  eden space 4160K, 100% used [0x22af0000, 0x22f00000, 0x22f00000)
  from space 512K,   0% used [0x22f00000, 0x22f00000, 0x22f80000)
  to   space 512K,   0% used [0x22f80000, 0x22f80000, 0x23000000)
 tenured generation   total 10240K, used 5904K [0x27af0000, 0x284f0000, 0x31af0000)
   the space 10240K,  57% used [0x27af0000, 0x280b4060, 0x280b4200, 0x284f0000)
 compacting perm gen  total 12288K, used 9286K [0x31af0000, 0x326f0000, 0x35af0000)
   the space 12288K,  75% used [0x31af0000, 0x32401a48, 0x32401c00, 0x326f0000)
    ro space 10240K,  45% used [0x35af0000, 0x35f773d8, 0x35f77400, 0x364f0000)
    rw space 12288K,  54% used [0x364f0000, 0x36b7acc8, 0x36b7ae00, 0x370f0000)
Event: 49.820 GC heap after
Heap after GC invocations=12 (full 1):
 def new generation   total 4672K, used 510K [0x22af0000, 0x23000000, 0x27af0000)
  eden space 4160K,   0% used [0x22af0000, 0x22af0000, 0x22f00000)
  from space 512K,  99% used [0x22f80000, 0x22fffb00, 0x23000000)
  to   space 512K,   0% used [0x22f00000, 0x22f00000, 0x22f80000)
 tenured generation   total 10240K, used 5904K [0x27af0000, 0x284f0000, 0x31af0000)
   the space 10240K,  57% used [0x27af0000, 0x280b4060, 0x280b4200, 0x284f0000)
 compacting perm gen  total 12288K, used 9286K [0x31af0000, 0x326f0000, 0x35af0000)
   the space 12288K,  75% used [0x31af0000, 0x32401a48, 0x32401c00, 0x326f0000)
    ro space 10240K,  45% used [0x35af0000, 0x35f773d8, 0x35f77400, 0x364f0000)
    rw space 12288K,  54% used [0x364f0000, 0x36b7acc8, 0x36b7ae00, 0x370f0000)
}
Event: 251.348 GC heap before
{Heap before GC invocations=12 (full 1):
 def new generation   total 4672K, used 3293K [0x22af0000, 0x23000000, 0x27af0000)
  eden space 4160K,  66% used [0x22af0000, 0x22da7bc0, 0x22f00000)
  from space 512K,  99% used [0x22f80000, 0x22fffb00, 0x23000000)
  to   space 512K,   0% used [0x22f00000, 0x22f00000, 0x22f80000)
 tenured generation   total 10240K, used 5904K [0x27af0000, 0x284f0000, 0x31af0000)
   the space 10240K,  57% used [0x27af0000, 0x280b4060, 0x280b4200, 0x284f0000)
 compacting perm gen  total 12288K, used 9386K [0x31af0000, 0x326f0000, 0x35af0000)
   the space 12288K,  76% used [0x31af0000, 0x3241aa88, 0x3241ac00, 0x326f0000)
    ro space 10240K,  45% used [0x35af0000, 0x35f773d8, 0x35f77400, 0x364f0000)
    rw space 12288K,  54% used [0x364f0000, 0x36b7acc8, 0x36b7ae00, 0x370f0000)
Event: 251.369 GC heap after
Heap after GC invocations=13 (full 1):
 def new generation   total 4672K, used 512K [0x22af0000, 0x23000000, 0x27af0000)
  eden space 4160K,   0% used [0x22af0000, 0x22af0000, 0x22f00000)
  from space 512K, 100% used [0x22f00000, 0x22f80000, 0x22f80000)
  to   space 512K,   0% used [0x22f80000, 0x22f80000, 0x23000000)
 tenured generation   total 10240K, used 6444K [0x27af0000, 0x284f0000, 0x31af0000)
   the space 10240K,  62% used [0x27af0000, 0x2813b058, 0x2813b200, 0x284f0000)
 compacting perm gen  total 12288K, used 9386K [0x31af0000, 0x326f0000, 0x35af0000)
   the space 12288K,  76% used [0x31af0000, 0x3241aa88, 0x3241ac00, 0x326f0000)
    ro space 10240K,  45% used [0x35af0000, 0x35f773d8, 0x35f77400, 0x364f0000)
    rw space 12288K,  54% used [0x364f0000, 0x36b7acc8, 0x36b7ae00, 0x370f0000)
}
Event: 255.306 GC heap before
{Heap before GC invocations=13 (full 1):
 def new generation   total 4672K, used 4672K [0x22af0000, 0x23000000, 0x27af0000)
  eden space 4160K, 100% used [0x22af0000, 0x22f00000, 0x22f00000)
  from space 512K, 100% used [0x22f00000, 0x22f80000, 0x22f80000)
  to   space 512K,   0% used [0x22f80000, 0x22f80000, 0x23000000)
 tenured generation   total 10240K, used 6444K [0x27af0000, 0x284f0000, 0x31af0000)
   the space 10240K,  62% used [0x27af0000, 0x2813b058, 0x2813b200, 0x284f0000)
 compacting perm gen  total 12288K, used 9390K [0x31af0000, 0x326f0000, 0x35af0000)
   the space 12288K,  76% used [0x31af0000, 0x3241b9f0, 0x3241ba00, 0x326f0000)
    ro space 10240K,  45% used [0x35af0000, 0x35f773d8, 0x35f77400, 0x364f0000)
    rw space 12288K,  54% used [0x364f0000, 0x36b7acc8, 0x36b7ae00, 0x370f0000)
Event: 255.316 GC heap after
Heap after GC invocations=14 (full 1):
 def new generation   total 4672K, used 213K [0x22af0000, 0x23000000, 0x27af0000)
  eden space 4160K,   0% used [0x22af0000, 0x22af0000, 0x22f00000)
  from space 512K,  41% used [0x22f80000, 0x22fb5740, 0x23000000)
  to   space 512K,   0% used [0x22f00000, 0x22f00000, 0x22f80000)
 tenured generation   total 10240K, used 8549K [0x27af0000, 0x284f0000, 0x31af0000)
   the space 10240K,  83% used [0x27af0000, 0x28349670, 0x28349800, 0x284f0000)
 compacting perm gen  total 12288K, used 9390K [0x31af0000, 0x326f0000, 0x35af0000)
   the space 12288K,  76% used [0x31af0000, 0x3241b9f0, 0x3241ba00, 0x326f0000)
    ro space 10240K,  45% used [0x35af0000, 0x35f773d8, 0x35f77400, 0x364f0000)
    rw space 12288K,  54% used [0x364f0000, 0x36b7acc8, 0x36b7ae00, 0x370f0000)
}

