# JRE version: 7.0_17-b02
# Java VM: Java HotSpot(TM) Client VM (23.7-b01 mixed mode, sharing windows-x86 )
Heap
 def new generation   total 5440K, used 2500K [0x22af0000, 0x230d0000, 0x27af0000)
  eden space 4864K,  39% used [0x22af0000, 0x22cd1240, 0x22fb0000)
  from space 576K, 100% used [0x23040000, 0x230d0000, 0x230d0000)
  to   space 576K,   0% used [0x22fb0000, 0x22fb0000, 0x23040000)
 tenured generation   total 11920K, used 8284K [0x27af0000, 0x28694000, 0x31af0000)
   the space 11920K,  69% used [0x27af0000, 0x28307360, 0x28307400, 0x28694000)
 compacting perm gen  total 12288K, used 9344K [0x31af0000, 0x326f0000, 0x35af0000)
   the space 12288K,  76% used [0x31af0000, 0x32410238, 0x32410400, 0x326f0000)
    ro space 10240K,  45% used [0x35af0000, 0x35f773d8, 0x35f77400, 0x364f0000)
    rw space 12288K,  54% used [0x364f0000, 0x36b7acc8, 0x36b7ae00, 0x370f0000)
GC Heap History (10 events):
Event: 247.327 GC heap before
{Heap before GC invocations=11 (full 1):
 def new generation   total 4672K, used 3674K [0x22af0000, 0x23000000, 0x27af0000)
  eden space 4160K,  88% used [0x22af0000, 0x22e86b80, 0x22f00000)
  from space 512K,   0% used [0x22f00000, 0x22f00000, 0x22f80000)
  to   space 512K,   0% used [0x22f80000, 0x22f80000, 0x23000000)
 tenured generation   total 10240K, used 5710K [0x27af0000, 0x284f0000, 0x31af0000)
   the space 10240K,  55% used [0x27af0000, 0x28083b50, 0x28083c00, 0x284f0000)
 compacting perm gen  total 12288K, used 9327K [0x31af0000, 0x326f0000, 0x35af0000)
   the space 12288K,  75% used [0x31af0000, 0x3240bcc8, 0x3240be00, 0x326f0000)
    ro space 10240K,  45% used [0x35af0000, 0x35f773d8, 0x35f77400, 0x364f0000)
    rw space 12288K,  54% used [0x364f0000, 0x36b7acc8, 0x36b7ae00, 0x370f0000)
Event: 247.343 GC heap after
Heap after GC invocations=12 (full 1):
 def new generation   total 4672K, used 444K [0x22af0000, 0x23000000, 0x27af0000)
  eden space 4160K,   0% used [0x22af0000, 0x22af0000, 0x22f00000)
  from space 512K,  86% used [0x22f80000, 0x22fef1d0, 0x23000000)
  to   space 512K,   0% used [0x22f00000, 0x22f00000, 0x22f80000)
 tenured generation   total 10240K, used 7308K [0x27af0000, 0x284f0000, 0x31af0000)
   the space 10240K,  71% used [0x27af0000, 0x28213158, 0x28213200, 0x284f0000)
 compacting perm gen  total 12288K, used 9327K [0x31af0000, 0x326f0000, 0x35af0000)
   the space 12288K,  75% used [0x31af0000, 0x3240bcc8, 0x3240be00, 0x326f0000)
    ro space 10240K,  45% used [0x35af0000, 0x35f773d8, 0x35f77400, 0x364f0000)
    rw space 12288K,  54% used [0x364f0000, 0x36b7acc8, 0x36b7ae00, 0x370f0000)
}
Event: 248.251 GC heap before
{Heap before GC invocations=12 (full 1):
 def new generation   total 4672K, used 4604K [0x22af0000, 0x23000000, 0x27af0000)
  eden space 4160K, 100% used [0x22af0000, 0x22f00000, 0x22f00000)
  from space 512K,  86% used [0x22f80000, 0x22fef1d0, 0x23000000)
  to   space 512K,   0% used [0x22f00000, 0x22f00000, 0x22f80000)
 tenured generation   total 10240K, used 7308K [0x27af0000, 0x284f0000, 0x31af0000)
   the space 10240K,  71% used [0x27af0000, 0x28213158, 0x28213200, 0x284f0000)
 compacting perm gen  total 12288K, used 9329K [0x31af0000, 0x326f0000, 0x35af0000)
   the space 12288K,  75% used [0x31af0000, 0x3240c4e0, 0x3240c600, 0x326f0000)
    ro space 10240K,  45% used [0x35af0000, 0x35f773d8, 0x35f77400, 0x364f0000)
    rw space 12288K,  54% used [0x364f0000, 0x36b7acc8, 0x36b7ae00, 0x370f0000)
Event: 248.264 GC heap after
Heap after GC invocations=13 (full 1):
 def new generation   total 4672K, used 381K [0x22af0000, 0x23000000, 0x27af0000)
  eden space 4160K,   0% used [0x22af0000, 0x22af0000, 0x22f00000)
  from space 512K,  74% used [0x22f00000, 0x22f5f688, 0x22f80000)
  to   space 512K,   0% used [0x22f80000, 0x22f80000, 0x23000000)
 tenured generation   total 10240K, used 8833K [0x27af0000, 0x284f0000, 0x31af0000)
   the space 10240K,  86% used [0x27af0000, 0x283906b0, 0x28390800, 0x284f0000)
 compacting perm gen  total 12288K, used 9329K [0x31af0000, 0x326f0000, 0x35af0000)
   the space 12288K,  75% used [0x31af0000, 0x3240c4e0, 0x3240c600, 0x326f0000)
    ro space 10240K,  45% used [0x35af0000, 0x35f773d8, 0x35f77400, 0x364f0000)
    rw space 12288K,  54% used [0x364f0000, 0x36b7acc8, 0x36b7ae00, 0x370f0000)
}
Event: 258.350 GC heap before
{Heap before GC invocations=13 (full 1):
 def new generation   total 4672K, used 4541K [0x22af0000, 0x23000000, 0x27af0000)
  eden space 4160K, 100% used [0x22af0000, 0x22f00000, 0x22f00000)
  from space 512K,  74% used [0x22f00000, 0x22f5f688, 0x22f80000)
  to   space 512K,   0% used [0x22f80000, 0x22f80000, 0x23000000)
 tenured generation   total 10240K, used 8833K [0x27af0000, 0x284f0000, 0x31af0000)
   the space 10240K,  86% used [0x27af0000, 0x283906b0, 0x28390800, 0x284f0000)
 compacting perm gen  total 12288K, used 9334K [0x31af0000, 0x326f0000, 0x35af0000)
   the space 12288K,  75% used [0x31af0000, 0x3240d818, 0x3240da00, 0x326f0000)
    ro space 10240K,  45% used [0x35af0000, 0x35f773d8, 0x35f77400, 0x364f0000)
    rw space 12288K,  54% used [0x364f0000, 0x36b7acc8, 0x36b7ae00, 0x370f0000)
Event: 258.360 GC heap after
Heap after GC invocations=14 (full 1):
 def new generation   total 4672K, used 512K [0x22af0000, 0x23000000, 0x27af0000)
  eden space 4160K,   0% used [0x22af0000, 0x22af0000, 0x22f00000)
  from space 512K, 100% used [0x22f80000, 0x23000000, 0x23000000)
  to   space 512K,   0% used [0x22f00000, 0x22f00000, 0x22f80000)
 tenured generation   total 10240K, used 10216K [0x27af0000, 0x284f0000, 0x31af0000)
   the space 10240K,  99% used [0x27af0000, 0x284ea070, 0x284ea200, 0x284f0000)
 compacting perm gen  total 12288K, used 9334K [0x31af0000, 0x326f0000, 0x35af0000)
   the space 12288K,  75% used [0x31af0000, 0x3240d818, 0x3240da00, 0x326f0000)
    ro space 10240K,  45% used [0x35af0000, 0x35f773d8, 0x35f77400, 0x364f0000)
    rw space 12288K,  54% used [0x364f0000, 0x36b7acc8, 0x36b7ae00, 0x370f0000)
}
Event: 274.643 GC heap before
{Heap before GC invocations=14 (full 1):
 def new generation   total 4672K, used 4648K [0x22af0000, 0x23000000, 0x27af0000)
  eden space 4160K,  99% used [0x22af0000, 0x22efa190, 0x22f00000)
  from space 512K, 100% used [0x22f80000, 0x23000000, 0x23000000)
  to   space 512K,   0% used [0x22f00000, 0x22f00000, 0x22f80000)
 tenured generation   total 10240K, used 10216K [0x27af0000, 0x284f0000, 0x31af0000)
   the space 10240K,  99% used [0x27af0000, 0x284ea070, 0x284ea200, 0x284f0000)
 compacting perm gen  total 12288K, used 9337K [0x31af0000, 0x326f0000, 0x35af0000)
   the space 12288K,  75% used [0x31af0000, 0x3240e6b0, 0x3240e800, 0x326f0000)
    ro space 10240K,  45% used [0x35af0000, 0x35f773d8, 0x35f77400, 0x364f0000)
    rw space 12288K,  54% used [0x364f0000, 0x36b7acc8, 0x36b7ae00, 0x370f0000)
Event: 274.775 GC heap after
Heap after GC invocations=15 (full 2):
 def new generation   total 5440K, used 0K [0x22af0000, 0x230d0000, 0x27af0000)
  eden space 4864K,   0% used [0x22af0000, 0x22af0000, 0x22fb0000)
  from space 576K,   0% used [0x22fb0000, 0x22fb0000, 0x23040000)
  to   space 576K,   0% used [0x23040000, 0x23040000, 0x230d0000)
 tenured generation   total 11920K, used 7150K [0x27af0000, 0x28694000, 0x31af0000)
   the space 11920K,  59% used [0x27af0000, 0x281ebbe0, 0x281ebc00, 0x28694000)
 compacting perm gen  total 12288K, used 9337K [0x31af0000, 0x326f0000, 0x35af0000)
   the space 12288K,  75% used [0x31af0000, 0x3240e6b0, 0x3240e800, 0x326f0000)
    ro space 10240K,  45% used [0x35af0000, 0x35f773d8, 0x35f77400, 0x364f0000)
    rw space 12288K,  54% used [0x364f0000, 0x36b7acc8, 0x36b7ae00, 0x370f0000)
}
Event: 275.816 GC heap before
{Heap before GC invocations=15 (full 2):
 def new generation   total 5440K, used 4864K [0x22af0000, 0x230d0000, 0x27af0000)
  eden space 4864K, 100% used [0x22af0000, 0x22fb0000, 0x22fb0000)
  from space 576K,   0% used [0x22fb0000, 0x22fb0000, 0x23040000)
  to   space 576K,   0% used [0x23040000, 0x23040000, 0x230d0000)
 tenured generation   total 11920K, used 7150K [0x27af0000, 0x28694000, 0x31af0000)
   the space 11920K,  59% used [0x27af0000, 0x281ebbe0, 0x281ebc00, 0x28694000)
 compacting perm gen  total 12288K, used 9341K [0x31af0000, 0x326f0000, 0x35af0000)
   the space 12288K,  76% used [0x31af0000, 0x3240f628, 0x3240f800, 0x326f0000)
    ro space 10240K,  45% used [0x35af0000, 0x35f773d8, 0x35f77400, 0x364f0000)
    rw space 12288K,  54% used [0x364f0000, 0x36b7acc8, 0x36b7ae00, 0x370f0000)
Event: 275.824 GC heap after
Heap after GC invocations=16 (full 2):
 def new generation   total 5440K, used 576K [0x22af0000, 0x230d0000, 0x27af0000)
  eden space 4864K,   0% used [0x22af0000, 0x22af0000, 0x22fb0000)
  from space 576K, 100% used [0x23040000, 0x230d0000, 0x230d0000)
  to   space 576K,   0% used [0x22fb0000, 0x22fb0000, 0x23040000)
 tenured generation   total 11920K, used 8284K [0x27af0000, 0x28694000, 0x31af0000)
   the space 11920K,  69% used [0x27af0000, 0x28307360, 0x28307400, 0x28694000)
 compacting perm gen  total 12288K, used 9341K [0x31af0000, 0x326f0000, 0x35af0000)
   the space 12288K,  76% used [0x31af0000, 0x3240f628, 0x3240f800, 0x326f0000)
    ro space 10240K,  45% used [0x35af0000, 0x35f773d8, 0x35f77400, 0x364f0000)
    rw space 12288K,  54% used [0x364f0000, 0x36b7acc8, 0x36b7ae00, 0x370f0000)
}

