# JRE version: 7.0_17-b02
# Java VM: Java HotSpot(TM) Client VM (23.7-b01 mixed mode, sharing windows-x86 )
Heap
 def new generation   total 6784K, used 1263K [0x22af0000, 0x23240000, 0x27af0000)
  eden space 6080K,  20% used [0x22af0000, 0x22c2bf60, 0x230e0000)
  from space 704K,   0% used [0x230e0000, 0x230e0000, 0x23190000)
  to   space 704K,   0% used [0x23190000, 0x23190000, 0x23240000)
 tenured generation   total 14868K, used 8920K [0x27af0000, 0x28975000, 0x31af0000)
   the space 14868K,  59% used [0x27af0000, 0x283a62b0, 0x283a6400, 0x28975000)
 compacting perm gen  total 12288K, used 9317K [0x31af0000, 0x326f0000, 0x35af0000)
   the space 12288K,  75% used [0x31af0000, 0x324096f8, 0x32409800, 0x326f0000)
    ro space 10240K,  45% used [0x35af0000, 0x35f773d8, 0x35f77400, 0x364f0000)
    rw space 12288K,  54% used [0x364f0000, 0x36b7acc8, 0x36b7ae00, 0x370f0000)
GC Heap History (10 events):
Event: 171.966 GC heap before
{Heap before GC invocations=15 (full 2):
 def new generation   total 5760K, used 5120K [0x22af0000, 0x23130000, 0x27af0000)
  eden space 5120K, 100% used [0x22af0000, 0x22ff0000, 0x22ff0000)
  from space 640K,   0% used [0x22ff0000, 0x22ff0000, 0x23090000)
  to   space 640K,   0% used [0x23090000, 0x23090000, 0x23130000)
 tenured generation   total 12664K, used 7597K [0x27af0000, 0x2874e000, 0x31af0000)
   the space 12664K,  59% used [0x27af0000, 0x2825b5f0, 0x2825b600, 0x2874e000)
 compacting perm gen  total 12288K, used 9310K [0x31af0000, 0x326f0000, 0x35af0000)
   the space 12288K,  75% used [0x31af0000, 0x32407b80, 0x32407c00, 0x326f0000)
    ro space 10240K,  45% used [0x35af0000, 0x35f773d8, 0x35f77400, 0x364f0000)
    rw space 12288K,  54% used [0x364f0000, 0x36b7acc8, 0x36b7ae00, 0x370f0000)
Event: 171.976 GC heap after
Heap after GC invocations=16 (full 2):
 def new generation   total 5760K, used 640K [0x22af0000, 0x23130000, 0x27af0000)
  eden space 5120K,   0% used [0x22af0000, 0x22af0000, 0x22ff0000)
  from space 640K, 100% used [0x23090000, 0x23130000, 0x23130000)
  to   space 640K,   0% used [0x22ff0000, 0x22ff0000, 0x23090000)
 tenured generation   total 12664K, used 8835K [0x27af0000, 0x2874e000, 0x31af0000)
   the space 12664K,  69% used [0x27af0000, 0x28390cb0, 0x28390e00, 0x2874e000)
 compacting perm gen  total 12288K, used 9310K [0x31af0000, 0x326f0000, 0x35af0000)
   the space 12288K,  75% used [0x31af0000, 0x32407b80, 0x32407c00, 0x326f0000)
    ro space 10240K,  45% used [0x35af0000, 0x35f773d8, 0x35f77400, 0x364f0000)
    rw space 12288K,  54% used [0x364f0000, 0x36b7acc8, 0x36b7ae00, 0x370f0000)
}
Event: 182.400 GC heap before
{Heap before GC invocations=16 (full 2):
 def new generation   total 5760K, used 5760K [0x22af0000, 0x23130000, 0x27af0000)
  eden space 5120K, 100% used [0x22af0000, 0x22ff0000, 0x22ff0000)
  from space 640K, 100% used [0x23090000, 0x23130000, 0x23130000)
  to   space 640K,   0% used [0x22ff0000, 0x22ff0000, 0x23090000)
 tenured generation   total 12664K, used 8835K [0x27af0000, 0x2874e000, 0x31af0000)
   the space 12664K,  69% used [0x27af0000, 0x28390cb0, 0x28390e00, 0x2874e000)
 compacting perm gen  total 12288K, used 9314K [0x31af0000, 0x326f0000, 0x35af0000)
   the space 12288K,  75% used [0x31af0000, 0x32408ba8, 0x32408c00, 0x326f0000)
    ro space 10240K,  45% used [0x35af0000, 0x35f773d8, 0x35f77400, 0x364f0000)
    rw space 12288K,  54% used [0x364f0000, 0x36b7acc8, 0x36b7ae00, 0x370f0000)
Event: 182.414 GC heap after
Heap after GC invocations=17 (full 2):
 def new generation   total 5760K, used 599K [0x22af0000, 0x23130000, 0x27af0000)
  eden space 5120K,   0% used [0x22af0000, 0x22af0000, 0x22ff0000)
  from space 640K,  93% used [0x22ff0000, 0x23085c60, 0x23090000)
  to   space 640K,   0% used [0x23090000, 0x23090000, 0x23130000)
 tenured generation   total 12664K, used 10344K [0x27af0000, 0x2874e000, 0x31af0000)
   the space 12664K,  81% used [0x27af0000, 0x2850a2f0, 0x2850a400, 0x2874e000)
 compacting perm gen  total 12288K, used 9314K [0x31af0000, 0x326f0000, 0x35af0000)
   the space 12288K,  75% used [0x31af0000, 0x32408ba8, 0x32408c00, 0x326f0000)
    ro space 10240K,  45% used [0x35af0000, 0x35f773d8, 0x35f77400, 0x364f0000)
    rw space 12288K,  54% used [0x364f0000, 0x36b7acc8, 0x36b7ae00, 0x370f0000)
}
Event: 218.708 GC heap before
{Heap before GC invocations=17 (full 2):
 def new generation   total 5760K, used 5246K [0x22af0000, 0x23130000, 0x27af0000)
  eden space 5120K,  90% used [0x22af0000, 0x22f79c30, 0x22ff0000)
  from space 640K,  93% used [0x22ff0000, 0x23085c60, 0x23090000)
  to   space 640K,   0% used [0x23090000, 0x23090000, 0x23130000)
 tenured generation   total 12664K, used 10344K [0x27af0000, 0x2874e000, 0x31af0000)
   the space 12664K,  81% used [0x27af0000, 0x2850a2f0, 0x2850a400, 0x2874e000)
 compacting perm gen  total 12288K, used 9315K [0x31af0000, 0x326f0000, 0x35af0000)
   the space 12288K,  75% used [0x31af0000, 0x32408d48, 0x32408e00, 0x326f0000)
    ro space 10240K,  45% used [0x35af0000, 0x35f773d8, 0x35f77400, 0x364f0000)
    rw space 12288K,  54% used [0x364f0000, 0x36b7acc8, 0x36b7ae00, 0x370f0000)
Event: 218.730 GC heap after
Heap after GC invocations=18 (full 2):
 def new generation   total 5760K, used 640K [0x22af0000, 0x23130000, 0x27af0000)
  eden space 5120K,   0% used [0x22af0000, 0x22af0000, 0x22ff0000)
  from space 640K, 100% used [0x23090000, 0x23130000, 0x23130000)
  to   space 640K,   0% used [0x22ff0000, 0x22ff0000, 0x23090000)
 tenured generation   total 12664K, used 10824K [0x27af0000, 0x2874e000, 0x31af0000)
   the space 12664K,  85% used [0x27af0000, 0x285822c0, 0x28582400, 0x2874e000)
 compacting perm gen  total 12288K, used 9315K [0x31af0000, 0x326f0000, 0x35af0000)
   the space 12288K,  75% used [0x31af0000, 0x32408d48, 0x32408e00, 0x326f0000)
    ro space 10240K,  45% used [0x35af0000, 0x35f773d8, 0x35f77400, 0x364f0000)
    rw space 12288K,  54% used [0x364f0000, 0x36b7acc8, 0x36b7ae00, 0x370f0000)
}
Event: 224.190 GC heap before
{Heap before GC invocations=18 (full 2):
 def new generation   total 5760K, used 5760K [0x22af0000, 0x23130000, 0x27af0000)
  eden space 5120K, 100% used [0x22af0000, 0x22ff0000, 0x22ff0000)
  from space 640K, 100% used [0x23090000, 0x23130000, 0x23130000)
  to   space 640K,   0% used [0x22ff0000, 0x22ff0000, 0x23090000)
 tenured generation   total 12664K, used 10824K [0x27af0000, 0x2874e000, 0x31af0000)
   the space 12664K,  85% used [0x27af0000, 0x285822c0, 0x28582400, 0x2874e000)
 compacting perm gen  total 12288K, used 9315K [0x31af0000, 0x326f0000, 0x35af0000)
   the space 12288K,  75% used [0x31af0000, 0x32408d48, 0x32408e00, 0x326f0000)
    ro space 10240K,  45% used [0x35af0000, 0x35f773d8, 0x35f77400, 0x364f0000)
    rw space 12288K,  54% used [0x364f0000, 0x36b7acc8, 0x36b7ae00, 0x370f0000)
Event: 224.203 GC heap after
Heap after GC invocations=19 (full 2):
 def new generation   total 5760K, used 640K [0x22af0000, 0x23130000, 0x27af0000)
  eden space 5120K,   0% used [0x22af0000, 0x22af0000, 0x22ff0000)
  from space 640K, 100% used [0x22ff0000, 0x23090000, 0x23090000)
  to   space 640K,   0% used [0x23090000, 0x23090000, 0x23130000)
 tenured generation   total 12664K, used 12267K [0x27af0000, 0x2874e000, 0x31af0000)
   the space 12664K,  96% used [0x27af0000, 0x286eaef0, 0x286eb000, 0x2874e000)
 compacting perm gen  total 12288K, used 9315K [0x31af0000, 0x326f0000, 0x35af0000)
   the space 12288K,  75% used [0x31af0000, 0x32408d48, 0x32408e00, 0x326f0000)
    ro space 10240K,  45% used [0x35af0000, 0x35f773d8, 0x35f77400, 0x364f0000)
    rw space 12288K,  54% used [0x364f0000, 0x36b7acc8, 0x36b7ae00, 0x370f0000)
}
Event: 368.775 GC heap before
{Heap before GC invocations=19 (full 2):
 def new generation   total 5760K, used 5760K [0x22af0000, 0x23130000, 0x27af0000)
  eden space 5120K, 100% used [0x22af0000, 0x22ff0000, 0x22ff0000)
  from space 640K, 100% used [0x22ff0000, 0x23090000, 0x23090000)
  to   space 640K,   0% used [0x23090000, 0x23090000, 0x23130000)
 tenured generation   total 12664K, used 12267K [0x27af0000, 0x2874e000, 0x31af0000)
   the space 12664K,  96% used [0x27af0000, 0x286eaef0, 0x286eb000, 0x2874e000)
 compacting perm gen  total 12288K, used 9317K [0x31af0000, 0x326f0000, 0x35af0000)
   the space 12288K,  75% used [0x31af0000, 0x324096a8, 0x32409800, 0x326f0000)
    ro space 10240K,  45% used [0x35af0000, 0x35f773d8, 0x35f77400, 0x364f0000)
    rw space 12288K,  54% used [0x364f0000, 0x36b7acc8, 0x36b7ae00, 0x370f0000)
Event: 368.940 GC heap after
Heap after GC invocations=20 (full 3):
 def new generation   total 6784K, used 0K [0x22af0000, 0x23240000, 0x27af0000)
  eden space 6080K,   0% used [0x22af0000, 0x22af0000, 0x230e0000)
  from space 704K,   0% used [0x230e0000, 0x230e0000, 0x23190000)
  to   space 704K,   0% used [0x23190000, 0x23190000, 0x23240000)
 tenured generation   total 14868K, used 8920K [0x27af0000, 0x28975000, 0x31af0000)
   the space 14868K,  59% used [0x27af0000, 0x283a62b0, 0x283a6400, 0x28975000)
 compacting perm gen  total 12288K, used 9317K [0x31af0000, 0x326f0000, 0x35af0000)
   the space 12288K,  75% used [0x31af0000, 0x324096a8, 0x32409800, 0x326f0000)
    ro space 10240K,  45% used [0x35af0000, 0x35f773d8, 0x35f77400, 0x364f0000)
    rw space 12288K,  54% used [0x364f0000, 0x36b7acc8, 0x36b7ae00, 0x370f0000)
}

